mode: set
github.com/kube-queue/kube-queue/cmd/main.go:33.13,44.35 9 0
github.com/kube-queue/kube-queue/cmd/main.go:44.35,46.3 1 0
github.com/kube-queue/kube-queue/cmd/app/options/options.go:55.38,56.17 1 0
github.com/kube-queue/kube-queue/cmd/app/options/options.go:56.17,58.3 1 0
github.com/kube-queue/kube-queue/cmd/app/options/options.go:59.2,59.18 1 0
github.com/kube-queue/kube-queue/cmd/app/options/options.go:65.51,66.44 1 0
github.com/kube-queue/kube-queue/cmd/app/options/options.go:66.44,68.3 1 0
github.com/kube-queue/kube-queue/cmd/app/options/options.go:71.51,72.44 1 0
github.com/kube-queue/kube-queue/cmd/app/options/options.go:72.44,74.3 1 0
github.com/kube-queue/kube-queue/cmd/app/options/options.go:75.2,90.138 16 0
github.com/kube-queue/kube-queue/cmd/app/options/options.go:93.40,94.22 1 0
github.com/kube-queue/kube-queue/cmd/app/options/options.go:94.22,96.3 1 0
github.com/kube-queue/kube-queue/cmd/app/options/options.go:97.2,97.43 1 0
github.com/kube-queue/kube-queue/cmd/app/options/options.go:100.45,103.2 2 0
github.com/kube-queue/kube-queue/pkg/apis/config/v1/convert.go:12.163,13.107 1 0
github.com/kube-queue/kube-queue/pkg/apis/config/v1/convert.go:13.107,15.3 1 0
github.com/kube-queue/kube-queue/pkg/apis/config/v1/convert.go:17.2,20.52 4 0
github.com/kube-queue/kube-queue/pkg/apis/config/v1/convert.go:20.52,21.26 1 0
github.com/kube-queue/kube-queue/pkg/apis/config/v1/convert.go:21.26,22.12 1 0
github.com/kube-queue/kube-queue/pkg/apis/config/v1/convert.go:24.3,24.65 1 0
github.com/kube-queue/kube-queue/pkg/apis/config/v1/convert.go:24.65,25.12 1 0
github.com/kube-queue/kube-queue/pkg/apis/config/v1/convert.go:27.3,28.17 2 0
github.com/kube-queue/kube-queue/pkg/apis/config/v1/convert.go:28.17,30.4 1 0
github.com/kube-queue/kube-queue/pkg/apis/config/v1/convert.go:31.3,31.41 1 0
github.com/kube-queue/kube-queue/pkg/apis/config/v1/convert.go:33.2,33.12 1 0
github.com/kube-queue/kube-queue/pkg/apis/config/v1/convert.go:37.163,38.107 1 0
github.com/kube-queue/kube-queue/pkg/apis/config/v1/convert.go:38.107,40.3 1 0
github.com/kube-queue/kube-queue/pkg/apis/config/v1/convert.go:42.2,45.52 4 0
github.com/kube-queue/kube-queue/pkg/apis/config/v1/convert.go:45.52,46.33 1 0
github.com/kube-queue/kube-queue/pkg/apis/config/v1/convert.go:46.33,47.12 1 0
github.com/kube-queue/kube-queue/pkg/apis/config/v1/convert.go:49.3,49.72 1 0
github.com/kube-queue/kube-queue/pkg/apis/config/v1/convert.go:49.72,50.12 1 0
github.com/kube-queue/kube-queue/pkg/apis/config/v1/convert.go:52.3,53.17 2 0
github.com/kube-queue/kube-queue/pkg/apis/config/v1/convert.go:53.17,55.4 1 0
github.com/kube-queue/kube-queue/pkg/apis/config/v1/convert.go:56.3,57.41 2 0
github.com/kube-queue/kube-queue/pkg/apis/config/v1/convert.go:59.2,59.12 1 0
github.com/kube-queue/kube-queue/pkg/apis/config/v1/defaults.go:8.62,9.35 1 0
github.com/kube-queue/kube-queue/pkg/apis/config/v1/defaults.go:9.35,11.3 1 0
github.com/kube-queue/kube-queue/pkg/apis/config/v1/defaults.go:14.70,18.33 4 0
github.com/kube-queue/kube-queue/pkg/apis/config/v1/defaults.go:18.33,20.3 1 0
github.com/kube-queue/kube-queue/pkg/apis/config/v1/defaults.go:21.2,21.33 1 0
github.com/kube-queue/kube-queue/pkg/apis/config/v1/defaults.go:21.33,22.46 1 0
github.com/kube-queue/kube-queue/pkg/apis/config/v1/defaults.go:22.46,25.18 3 0
github.com/kube-queue/kube-queue/pkg/apis/config/v1/defaults.go:25.18,26.13 1 0
github.com/kube-queue/kube-queue/pkg/apis/config/v1/defaults.go:28.4,29.66 2 0
github.com/kube-queue/kube-queue/pkg/apis/config/v1/register.go:36.50,42.2 2 0
github.com/kube-queue/kube-queue/pkg/apis/config/v1/register.go:44.13,51.2 3 0
github.com/kube-queue/kube-queue/pkg/apis/config/v1/types.go:27.79,29.42 2 0
github.com/kube-queue/kube-queue/pkg/apis/config/v1/types.go:29.42,32.79 2 0
github.com/kube-queue/kube-queue/pkg/apis/config/v1/types.go:32.79,34.4 1 0
github.com/kube-queue/kube-queue/pkg/apis/config/v1/types.go:35.3,36.17 2 0
github.com/kube-queue/kube-queue/pkg/apis/config/v1/types.go:36.17,38.56 2 0
github.com/kube-queue/kube-queue/pkg/apis/config/v1/types.go:38.56,40.5 1 0
github.com/kube-queue/kube-queue/pkg/apis/config/v1/types.go:40.10,42.5 1 0
github.com/kube-queue/kube-queue/pkg/apis/config/v1/types.go:44.3,44.47 1 0
github.com/kube-queue/kube-queue/pkg/apis/config/v1/types.go:44.47,46.4 1 0
github.com/kube-queue/kube-queue/pkg/apis/config/v1/types.go:47.3,48.31 2 0
github.com/kube-queue/kube-queue/pkg/apis/config/v1/types.go:50.2,50.33 1 0
github.com/kube-queue/kube-queue/pkg/apis/config/v1/types.go:50.33,52.3 1 0
github.com/kube-queue/kube-queue/pkg/apis/config/v1/types.go:53.2,53.12 1 0
github.com/kube-queue/kube-queue/pkg/apis/config/v1/types.go:57.79,58.39 1 0
github.com/kube-queue/kube-queue/pkg/apis/config/v1/types.go:58.39,59.25 1 0
github.com/kube-queue/kube-queue/pkg/apis/config/v1/types.go:59.25,60.12 1 0
github.com/kube-queue/kube-queue/pkg/apis/config/v1/types.go:62.3,64.17 3 0
github.com/kube-queue/kube-queue/pkg/apis/config/v1/types.go:64.17,66.4 1 0
github.com/kube-queue/kube-queue/pkg/apis/config/v1/types.go:70.3,71.17 2 0
github.com/kube-queue/kube-queue/pkg/apis/config/v1/types.go:71.17,73.4 1 0
github.com/kube-queue/kube-queue/pkg/apis/config/v1/types.go:74.3,75.13 2 0
github.com/kube-queue/kube-queue/pkg/apis/config/v1/types.go:77.2,77.12 1 0
github.com/kube-queue/kube-queue/pkg/apis/config/v1/zz_generated.conversion.go:31.13,33.2 1 0
github.com/kube-queue/kube-queue/pkg/apis/config/v1/zz_generated.conversion.go:37.51,38.153 1 0
github.com/kube-queue/kube-queue/pkg/apis/config/v1/zz_generated.conversion.go:38.153,40.3 1 0
github.com/kube-queue/kube-queue/pkg/apis/config/v1/zz_generated.conversion.go:40.17,42.3 1 0
github.com/kube-queue/kube-queue/pkg/apis/config/v1/zz_generated.conversion.go:43.2,43.153 1 0
github.com/kube-queue/kube-queue/pkg/apis/config/v1/zz_generated.conversion.go:43.153,45.3 1 0
github.com/kube-queue/kube-queue/pkg/apis/config/v1/zz_generated.conversion.go:45.17,47.3 1 0
github.com/kube-queue/kube-queue/pkg/apis/config/v1/zz_generated.conversion.go:48.2,48.156 1 0
github.com/kube-queue/kube-queue/pkg/apis/config/v1/zz_generated.conversion.go:48.156,50.3 1 0
github.com/kube-queue/kube-queue/pkg/apis/config/v1/zz_generated.conversion.go:50.17,52.3 1 0
github.com/kube-queue/kube-queue/pkg/apis/config/v1/zz_generated.conversion.go:53.2,53.156 1 0
github.com/kube-queue/kube-queue/pkg/apis/config/v1/zz_generated.conversion.go:53.156,55.3 1 0
github.com/kube-queue/kube-queue/pkg/apis/config/v1/zz_generated.conversion.go:55.17,57.3 1 0
github.com/kube-queue/kube-queue/pkg/apis/config/v1/zz_generated.conversion.go:58.2,58.12 1 0
github.com/kube-queue/kube-queue/pkg/apis/config/v1/zz_generated.conversion.go:61.143,62.112 1 0
github.com/kube-queue/kube-queue/pkg/apis/config/v1/zz_generated.conversion.go:62.112,64.3 1 0
github.com/kube-queue/kube-queue/pkg/apis/config/v1/zz_generated.conversion.go:65.2,65.12 1 0
github.com/kube-queue/kube-queue/pkg/apis/config/v1/zz_generated.conversion.go:69.139,71.2 1 0
github.com/kube-queue/kube-queue/pkg/apis/config/v1/zz_generated.conversion.go:73.143,74.112 1 0
github.com/kube-queue/kube-queue/pkg/apis/config/v1/zz_generated.conversion.go:74.112,76.3 1 0
github.com/kube-queue/kube-queue/pkg/apis/config/v1/zz_generated.conversion.go:77.2,77.12 1 0
github.com/kube-queue/kube-queue/pkg/apis/config/v1/zz_generated.conversion.go:81.139,83.2 1 0
github.com/kube-queue/kube-queue/pkg/apis/config/v1/zz_generated.conversion.go:85.167,86.29 1 0
github.com/kube-queue/kube-queue/pkg/apis/config/v1/zz_generated.conversion.go:86.29,89.29 3 0
github.com/kube-queue/kube-queue/pkg/apis/config/v1/zz_generated.conversion.go:89.29,91.98 2 0
github.com/kube-queue/kube-queue/pkg/apis/config/v1/zz_generated.conversion.go:91.98,93.5 1 0
github.com/kube-queue/kube-queue/pkg/apis/config/v1/zz_generated.conversion.go:94.4,94.25 1 0
github.com/kube-queue/kube-queue/pkg/apis/config/v1/zz_generated.conversion.go:96.8,98.3 1 0
github.com/kube-queue/kube-queue/pkg/apis/config/v1/zz_generated.conversion.go:99.2,99.12 1 0
github.com/kube-queue/kube-queue/pkg/apis/config/v1/zz_generated.conversion.go:102.167,103.29 1 0
github.com/kube-queue/kube-queue/pkg/apis/config/v1/zz_generated.conversion.go:103.29,106.29 3 0
github.com/kube-queue/kube-queue/pkg/apis/config/v1/zz_generated.conversion.go:106.29,108.98 2 0
github.com/kube-queue/kube-queue/pkg/apis/config/v1/zz_generated.conversion.go:108.98,110.5 1 0
github.com/kube-queue/kube-queue/pkg/apis/config/v1/zz_generated.conversion.go:111.4,111.25 1 0
github.com/kube-queue/kube-queue/pkg/apis/config/v1/zz_generated.conversion.go:113.8,115.3 1 0
github.com/kube-queue/kube-queue/pkg/apis/config/v1/zz_generated.conversion.go:116.2,116.12 1 0
github.com/kube-queue/kube-queue/pkg/apis/config/v1/zz_generated.deepcopy.go:29.65,32.34 3 0
github.com/kube-queue/kube-queue/pkg/apis/config/v1/zz_generated.deepcopy.go:32.34,36.3 3 0
github.com/kube-queue/kube-queue/pkg/apis/config/v1/zz_generated.deepcopy.go:37.2,37.8 1 0
github.com/kube-queue/kube-queue/pkg/apis/config/v1/zz_generated.deepcopy.go:41.58,42.15 1 0
github.com/kube-queue/kube-queue/pkg/apis/config/v1/zz_generated.deepcopy.go:42.15,44.3 1 0
github.com/kube-queue/kube-queue/pkg/apis/config/v1/zz_generated.deepcopy.go:45.2,47.12 3 0
github.com/kube-queue/kube-queue/pkg/apis/config/v1/zz_generated.deepcopy.go:51.61,52.34 1 0
github.com/kube-queue/kube-queue/pkg/apis/config/v1/zz_generated.deepcopy.go:52.34,54.3 1 0
github.com/kube-queue/kube-queue/pkg/apis/config/v1/zz_generated.deepcopy.go:55.2,55.12 1 0
github.com/kube-queue/kube-queue/pkg/apis/config/v1/zz_generated.deepcopy.go:59.77,62.29 3 0
github.com/kube-queue/kube-queue/pkg/apis/config/v1/zz_generated.deepcopy.go:62.29,65.29 3 0
github.com/kube-queue/kube-queue/pkg/apis/config/v1/zz_generated.deepcopy.go:65.29,67.4 1 0
github.com/kube-queue/kube-queue/pkg/apis/config/v1/zz_generated.deepcopy.go:69.2,69.8 1 0
github.com/kube-queue/kube-queue/pkg/apis/config/v1/zz_generated.deepcopy.go:73.70,74.15 1 0
github.com/kube-queue/kube-queue/pkg/apis/config/v1/zz_generated.deepcopy.go:74.15,76.3 1 0
github.com/kube-queue/kube-queue/pkg/apis/config/v1/zz_generated.deepcopy.go:77.2,79.12 3 0
github.com/kube-queue/kube-queue/pkg/apis/config/v1/zz_generated.deepcopy.go:83.67,84.34 1 0
github.com/kube-queue/kube-queue/pkg/apis/config/v1/zz_generated.deepcopy.go:84.34,86.3 1 0
github.com/kube-queue/kube-queue/pkg/apis/config/v1/zz_generated.deepcopy.go:87.2,87.12 1 0
github.com/kube-queue/kube-queue/pkg/apis/config/v1/zz_generated.defaults.go:31.53,32.80 1 0
github.com/kube-queue/kube-queue/pkg/apis/config/v1/zz_generated.defaults.go:32.80,32.155 1 0
github.com/kube-queue/kube-queue/pkg/apis/config/v1/zz_generated.defaults.go:33.2,33.12 1 0
github.com/kube-queue/kube-queue/pkg/apis/config/v1/zz_generated.defaults.go:36.75,38.2 1 0
github.com/kube-queue/kube-queue/pkg/apis/config/register.go:34.50,40.2 2 0
github.com/kube-queue/kube-queue/pkg/apis/config/register.go:42.13,47.2 1 0
github.com/kube-queue/kube-queue/pkg/apis/config/zz_generated.deepcopy.go:29.65,33.2 3 0
github.com/kube-queue/kube-queue/pkg/apis/config/zz_generated.deepcopy.go:36.58,37.15 1 0
github.com/kube-queue/kube-queue/pkg/apis/config/zz_generated.deepcopy.go:37.15,39.3 1 0
github.com/kube-queue/kube-queue/pkg/apis/config/zz_generated.deepcopy.go:40.2,42.12 3 0
github.com/kube-queue/kube-queue/pkg/apis/config/zz_generated.deepcopy.go:46.61,47.34 1 0
github.com/kube-queue/kube-queue/pkg/apis/config/zz_generated.deepcopy.go:47.34,49.3 1 0
github.com/kube-queue/kube-queue/pkg/apis/config/zz_generated.deepcopy.go:50.2,50.12 1 0
github.com/kube-queue/kube-queue/pkg/apis/config/zz_generated.deepcopy.go:54.77,57.29 3 0
github.com/kube-queue/kube-queue/pkg/apis/config/zz_generated.deepcopy.go:57.29,60.29 3 0
github.com/kube-queue/kube-queue/pkg/apis/config/zz_generated.deepcopy.go:60.29,61.18 1 0
github.com/kube-queue/kube-queue/pkg/apis/config/zz_generated.deepcopy.go:61.18,63.5 1 0
github.com/kube-queue/kube-queue/pkg/apis/config/zz_generated.deepcopy.go:63.10,65.5 1 0
github.com/kube-queue/kube-queue/pkg/apis/config/zz_generated.deepcopy.go:68.2,68.8 1 0
github.com/kube-queue/kube-queue/pkg/apis/config/zz_generated.deepcopy.go:72.70,73.15 1 0
github.com/kube-queue/kube-queue/pkg/apis/config/zz_generated.deepcopy.go:73.15,75.3 1 0
github.com/kube-queue/kube-queue/pkg/apis/config/zz_generated.deepcopy.go:76.2,78.12 3 0
github.com/kube-queue/kube-queue/pkg/apis/config/zz_generated.deepcopy.go:82.67,83.34 1 0
github.com/kube-queue/kube-queue/pkg/apis/config/zz_generated.deepcopy.go:83.34,85.3 1 0
github.com/kube-queue/kube-queue/pkg/apis/config/zz_generated.deepcopy.go:86.2,86.12 1 0
github.com/kube-queue/kube-queue/cmd/app/server/apihandler.go:21.48,24.2 2 0
github.com/kube-queue/kube-queue/cmd/app/server/apihandler.go:26.13,30.2 3 0
github.com/kube-queue/kube-queue/cmd/app/server/apihandler.go:32.79,44.2 6 0
github.com/kube-queue/kube-queue/cmd/app/server/apihandler.go:46.50,51.23 4 0
github.com/kube-queue/kube-queue/cmd/app/server/apihandler.go:51.23,53.3 1 0
github.com/kube-queue/kube-queue/cmd/app/server/apihandler.go:54.2,55.16 2 0
github.com/kube-queue/kube-queue/cmd/app/server/apihandler.go:55.16,57.3 1 0
github.com/kube-queue/kube-queue/cmd/app/server/apihandler.go:60.2,61.9 2 0
github.com/kube-queue/kube-queue/cmd/app/server/apihandler.go:61.9,64.3 2 0
github.com/kube-queue/kube-queue/cmd/app/server/apihandler.go:66.2,66.30 1 0
github.com/kube-queue/kube-queue/cmd/app/server/apihandler.go:74.28,75.15 1 0
github.com/kube-queue/kube-queue/cmd/app/server/apihandler.go:75.15,77.3 1 0
github.com/kube-queue/kube-queue/cmd/app/server/apihandler.go:80.2,81.12 2 0
github.com/kube-queue/kube-queue/cmd/app/server/apihandler.go:81.12,87.3 5 0
github.com/kube-queue/kube-queue/cmd/app/server/apihandler.go:89.2,89.12 1 0
github.com/kube-queue/kube-queue/cmd/app/server/apihandler.go:89.12,94.10 4 0
github.com/kube-queue/kube-queue/cmd/app/server/apihandler.go:95.17,96.18 1 0
github.com/kube-queue/kube-queue/cmd/app/server/apihandler.go:97.11,98.55 1 0
github.com/kube-queue/kube-queue/cmd/app/server/apihandler.go:102.2,102.23 1 0
github.com/kube-queue/kube-queue/cmd/app/server/apimethod.go:10.80,12.2 2 0
github.com/kube-queue/kube-queue/cmd/app/server/apimethod.go:12.2,15.3 2 0
github.com/kube-queue/kube-queue/cmd/app/server/apimethod.go:18.75,19.30 1 0
github.com/kube-queue/kube-queue/cmd/app/server/apimethod.go:19.30,24.3 3 0
github.com/kube-queue/kube-queue/cmd/app/server/apimethod.go:27.79,28.30 1 0
github.com/kube-queue/kube-queue/cmd/app/server/apimethod.go:28.30,33.3 3 0
github.com/kube-queue/kube-queue/cmd/app/server/server.go:62.98,64.16 2 0
github.com/kube-queue/kube-queue/cmd/app/server/server.go:64.16,66.3 1 0
github.com/kube-queue/kube-queue/cmd/app/server/server.go:68.2,68.25 1 0
github.com/kube-queue/kube-queue/cmd/app/server/server.go:71.70,74.16 2 0
github.com/kube-queue/kube-queue/cmd/app/server/server.go:74.16,76.3 1 0
github.com/kube-queue/kube-queue/cmd/app/server/server.go:77.2,77.60 1 0
github.com/kube-queue/kube-queue/cmd/app/server/server.go:77.60,84.3 2 0
github.com/kube-queue/kube-queue/cmd/app/server/server.go:85.2,85.88 1 0
github.com/kube-queue/kube-queue/cmd/app/server/server.go:88.67,90.74 1 0
github.com/kube-queue/kube-queue/cmd/app/server/server.go:90.74,92.11 2 0
github.com/kube-queue/kube-queue/cmd/app/server/server.go:92.11,94.5 1 0
github.com/kube-queue/kube-queue/cmd/app/server/server.go:95.4,95.71 1 0
github.com/kube-queue/kube-queue/cmd/app/server/server.go:98.2,98.16 1 0
github.com/kube-queue/kube-queue/cmd/app/server/server.go:98.16,100.3 1 0
github.com/kube-queue/kube-queue/cmd/app/server/server.go:101.2,102.60 1 0
github.com/kube-queue/kube-queue/cmd/app/server/server.go:102.60,104.11 2 0
github.com/kube-queue/kube-queue/cmd/app/server/server.go:104.11,106.5 1 0
github.com/kube-queue/kube-queue/cmd/app/server/server.go:107.4,107.40 1 0
github.com/kube-queue/kube-queue/cmd/app/server/server.go:110.2,110.16 1 0
github.com/kube-queue/kube-queue/cmd/app/server/server.go:110.16,112.3 1 0
github.com/kube-queue/kube-queue/cmd/app/server/server.go:113.2,113.12 1 0
github.com/kube-queue/kube-queue/cmd/app/server/server.go:116.117,119.22 3 0
github.com/kube-queue/kube-queue/cmd/app/server/server.go:119.22,121.17 2 0
github.com/kube-queue/kube-queue/cmd/app/server/server.go:121.17,123.4 1 0
github.com/kube-queue/kube-queue/cmd/app/server/server.go:124.8,129.17 5 0
github.com/kube-queue/kube-queue/cmd/app/server/server.go:129.17,131.4 1 0
github.com/kube-queue/kube-queue/cmd/app/server/server.go:134.2,138.16 4 0
github.com/kube-queue/kube-queue/cmd/app/server/server.go:138.16,140.3 1 0
github.com/kube-queue/kube-queue/cmd/app/server/server.go:141.2,149.61 7 0
github.com/kube-queue/kube-queue/cmd/app/server/server.go:149.61,151.3 1 0
github.com/kube-queue/kube-queue/cmd/app/server/server.go:153.2,154.42 2 0
github.com/kube-queue/kube-queue/cmd/app/server/server.go:154.42,156.3 1 0
github.com/kube-queue/kube-queue/cmd/app/server/server.go:157.2,171.16 2 0
github.com/kube-queue/kube-queue/cmd/app/server/server.go:171.16,173.3 1 0
github.com/kube-queue/kube-queue/cmd/app/server/server.go:175.2,181.26 6 0
github.com/kube-queue/kube-queue/cmd/app/server/server.go:181.26,184.3 2 0
github.com/kube-queue/kube-queue/cmd/app/server/server.go:186.2,186.32 1 0
github.com/kube-queue/kube-queue/cmd/app/server/server.go:186.32,188.3 1 0
github.com/kube-queue/kube-queue/cmd/app/server/server.go:189.2,191.12 3 0
github.com/kube-queue/kube-queue/cmd/app/server/server.go:194.43,197.38 2 0
github.com/kube-queue/kube-queue/cmd/app/server/server.go:197.38,199.3 1 0
github.com/kube-queue/kube-queue/cmd/app/server/server.go:201.2,201.84 1 0
github.com/kube-queue/kube-queue/cmd/app/server/server.go:201.84,203.3 1 0
github.com/kube-queue/kube-queue/cmd/app/server/server.go:205.2,206.16 2 0
github.com/kube-queue/kube-queue/cmd/app/server/server.go:206.16,208.3 1 0
github.com/kube-queue/kube-queue/cmd/app/server/server.go:210.2,213.16 4 0
github.com/kube-queue/kube-queue/cmd/app/server/server.go:213.16,215.3 1 0
github.com/kube-queue/kube-queue/cmd/app/server/server.go:217.2,219.24 3 0
github.com/kube-queue/kube-queue/cmd/app/server/server.go:219.24,237.49 2 0
github.com/kube-queue/kube-queue/cmd/app/server/server.go:237.49,239.36 1 0
github.com/kube-queue/kube-queue/cmd/app/server/server.go:239.36,245.21 3 0
github.com/kube-queue/kube-queue/cmd/app/server/server.go:245.21,247.8 1 0
github.com/kube-queue/kube-queue/cmd/app/server/server.go:249.6,250.38 2 0
github.com/kube-queue/kube-queue/cmd/app/server/server.go:252.30,256.6 2 0
github.com/kube-queue/kube-queue/cmd/app/server/server.go:257.40,259.44 1 0
github.com/kube-queue/kube-queue/cmd/app/server/server.go:259.44,262.7 1 0
github.com/kube-queue/kube-queue/cmd/app/server/server.go:263.6,263.54 1 0
github.com/kube-queue/kube-queue/cmd/app/server/server.go:267.3,267.13 1 0
github.com/kube-queue/kube-queue/cmd/app/server/server.go:268.8,269.33 1 0
github.com/kube-queue/kube-queue/cmd/app/server/server.go:269.33,275.18 3 0
github.com/kube-queue/kube-queue/cmd/app/server/server.go:275.18,277.5 1 0
github.com/kube-queue/kube-queue/cmd/app/server/server.go:279.3,279.42 1 0
github.com/kube-queue/kube-queue/pkg/apis/config/scheme/scheme.go:34.13,36.2 1 0
github.com/kube-queue/kube-queue/pkg/apis/config/scheme/scheme.go:39.42,42.2 2 0
github.com/kube-queue/kube-queue/pkg/features/features.go:32.13,34.2 1 0
github.com/kube-queue/kube-queue/pkg/features/features.go:50.42,52.2 1 0
github.com/kube-queue/kube-queue/pkg/framework/interface.go:95.77,102.24 2 0
github.com/kube-queue/kube-queue/pkg/framework/interface.go:102.24,104.3 1 0
github.com/kube-queue/kube-queue/pkg/framework/interface.go:105.2,105.10 1 0
github.com/kube-queue/kube-queue/pkg/framework/interface.go:108.52,110.14 2 0
github.com/kube-queue/kube-queue/pkg/framework/interface.go:110.14,112.3 1 0
github.com/kube-queue/kube-queue/pkg/framework/interface.go:113.2,113.33 1 0
github.com/kube-queue/kube-queue/pkg/framework/interface.go:113.33,115.3 1 0
github.com/kube-queue/kube-queue/pkg/framework/interface.go:116.2,116.12 1 0
github.com/kube-queue/kube-queue/pkg/framework/interface.go:119.30,120.14 1 0
github.com/kube-queue/kube-queue/pkg/framework/interface.go:120.14,122.3 1 0
github.com/kube-queue/kube-queue/pkg/framework/interface.go:123.2,123.15 1 0
github.com/kube-queue/kube-queue/pkg/framework/interface.go:126.35,127.14 1 0
github.com/kube-queue/kube-queue/pkg/framework/interface.go:127.14,129.3 1 0
github.com/kube-queue/kube-queue/pkg/framework/interface.go:130.2,130.18 1 0
github.com/kube-queue/kube-queue/pkg/framework/interface.go:133.43,135.2 1 0
github.com/kube-queue/kube-queue/pkg/framework/type.go:48.64,50.54 2 0
github.com/kube-queue/kube-queue/pkg/framework/type.go:50.54,59.3 2 0
github.com/kube-queue/kube-queue/pkg/framework/type.go:60.2,71.13 6 0
github.com/kube-queue/kube-queue/pkg/framework/type.go:74.43,76.38 2 0
github.com/kube-queue/kube-queue/pkg/framework/type.go:76.38,77.45 1 0
github.com/kube-queue/kube-queue/pkg/framework/type.go:77.45,79.4 1 0
github.com/kube-queue/kube-queue/pkg/framework/type.go:81.2,81.15 1 0
github.com/kube-queue/kube-queue/pkg/framework/type.go:84.48,92.2 1 0
github.com/kube-queue/kube-queue/pkg/framework/utils.go:8.49,9.64 1 0
github.com/kube-queue/kube-queue/pkg/framework/utils.go:9.64,11.3 1 0
github.com/kube-queue/kube-queue/pkg/framework/utils.go:16.38,17.28 1 0
github.com/kube-queue/kube-queue/pkg/framework/utils.go:17.28,19.3 1 0
github.com/kube-queue/kube-queue/pkg/framework/utils.go:20.2,20.12 1 0
github.com/kube-queue/kube-queue/pkg/framework/utils.go:25.43,26.33 1 0
github.com/kube-queue/kube-queue/pkg/framework/utils.go:26.33,28.3 1 0
github.com/kube-queue/kube-queue/pkg/framework/utils.go:30.2,30.12 1 0
github.com/kube-queue/kube-queue/pkg/framework/apis/elasticquota/client/clientset/versioned/fake/clientset_generated.go:38.63,40.30 2 0
github.com/kube-queue/kube-queue/pkg/framework/apis/elasticquota/client/clientset/versioned/fake/clientset_generated.go:40.30,41.36 1 0
github.com/kube-queue/kube-queue/pkg/framework/apis/elasticquota/client/clientset/versioned/fake/clientset_generated.go:41.36,42.14 1 0
github.com/kube-queue/kube-queue/pkg/framework/apis/elasticquota/client/clientset/versioned/fake/clientset_generated.go:46.2,49.101 4 0
github.com/kube-queue/kube-queue/pkg/framework/apis/elasticquota/client/clientset/versioned/fake/clientset_generated.go:49.101,53.17 4 0
github.com/kube-queue/kube-queue/pkg/framework/apis/elasticquota/client/clientset/versioned/fake/clientset_generated.go:53.17,55.4 1 0
github.com/kube-queue/kube-queue/pkg/framework/apis/elasticquota/client/clientset/versioned/fake/clientset_generated.go:56.3,56.26 1 0
github.com/kube-queue/kube-queue/pkg/framework/apis/elasticquota/client/clientset/versioned/fake/clientset_generated.go:59.2,59.11 1 0
github.com/kube-queue/kube-queue/pkg/framework/apis/elasticquota/client/clientset/versioned/fake/clientset_generated.go:71.62,73.2 1 0
github.com/kube-queue/kube-queue/pkg/framework/apis/elasticquota/client/clientset/versioned/fake/clientset_generated.go:75.53,77.2 1 0
github.com/kube-queue/kube-queue/pkg/framework/apis/elasticquota/client/clientset/versioned/fake/clientset_generated.go:82.86,84.2 1 0
github.com/kube-queue/kube-queue/pkg/framework/apis/elasticquota/client/clientset/versioned/fake/clientset_generated.go:87.89,89.2 1 0
github.com/kube-queue/kube-queue/pkg/framework/apis/elasticquota/client/clientset/versioned/fake/register.go:55.13,58.2 2 0
github.com/kube-queue/kube-queue/pkg/framework/apis/elasticquota/client/clientset/versioned/typed/scheduling/v1beta1/fake/fake_elasticquotatree.go:44.140,48.16 2 0
github.com/kube-queue/kube-queue/pkg/framework/apis/elasticquota/client/clientset/versioned/typed/scheduling/v1beta1/fake/fake_elasticquotatree.go:48.16,50.3 1 0
github.com/kube-queue/kube-queue/pkg/framework/apis/elasticquota/client/clientset/versioned/typed/scheduling/v1beta1/fake/fake_elasticquotatree.go:51.2,51.45 1 0
github.com/kube-queue/kube-queue/pkg/framework/apis/elasticquota/client/clientset/versioned/typed/scheduling/v1beta1/fake/fake_elasticquotatree.go:55.130,59.16 2 0
github.com/kube-queue/kube-queue/pkg/framework/apis/elasticquota/client/clientset/versioned/typed/scheduling/v1beta1/fake/fake_elasticquotatree.go:59.16,61.3 1 0
github.com/kube-queue/kube-queue/pkg/framework/apis/elasticquota/client/clientset/versioned/typed/scheduling/v1beta1/fake/fake_elasticquotatree.go:63.2,64.18 2 0
github.com/kube-queue/kube-queue/pkg/framework/apis/elasticquota/client/clientset/versioned/typed/scheduling/v1beta1/fake/fake_elasticquotatree.go:64.18,66.3 1 0
github.com/kube-queue/kube-queue/pkg/framework/apis/elasticquota/client/clientset/versioned/typed/scheduling/v1beta1/fake/fake_elasticquotatree.go:67.2,68.65 2 0
github.com/kube-queue/kube-queue/pkg/framework/apis/elasticquota/client/clientset/versioned/typed/scheduling/v1beta1/fake/fake_elasticquotatree.go:68.65,69.45 1 0
github.com/kube-queue/kube-queue/pkg/framework/apis/elasticquota/client/clientset/versioned/typed/scheduling/v1beta1/fake/fake_elasticquotatree.go:69.45,71.4 1 0
github.com/kube-queue/kube-queue/pkg/framework/apis/elasticquota/client/clientset/versioned/typed/scheduling/v1beta1/fake/fake_elasticquotatree.go:73.2,73.18 1 0
github.com/kube-queue/kube-queue/pkg/framework/apis/elasticquota/client/clientset/versioned/typed/scheduling/v1beta1/fake/fake_elasticquotatree.go:77.106,81.2 1 0
github.com/kube-queue/kube-queue/pkg/framework/apis/elasticquota/client/clientset/versioned/typed/scheduling/v1beta1/fake/fake_elasticquotatree.go:84.174,88.16 2 0
github.com/kube-queue/kube-queue/pkg/framework/apis/elasticquota/client/clientset/versioned/typed/scheduling/v1beta1/fake/fake_elasticquotatree.go:88.16,90.3 1 0
github.com/kube-queue/kube-queue/pkg/framework/apis/elasticquota/client/clientset/versioned/typed/scheduling/v1beta1/fake/fake_elasticquotatree.go:91.2,91.45 1 0
github.com/kube-queue/kube-queue/pkg/framework/apis/elasticquota/client/clientset/versioned/typed/scheduling/v1beta1/fake/fake_elasticquotatree.go:95.174,99.16 2 0
github.com/kube-queue/kube-queue/pkg/framework/apis/elasticquota/client/clientset/versioned/typed/scheduling/v1beta1/fake/fake_elasticquotatree.go:99.16,101.3 1 0
github.com/kube-queue/kube-queue/pkg/framework/apis/elasticquota/client/clientset/versioned/typed/scheduling/v1beta1/fake/fake_elasticquotatree.go:102.2,102.45 1 0
github.com/kube-queue/kube-queue/pkg/framework/apis/elasticquota/client/clientset/versioned/typed/scheduling/v1beta1/fake/fake_elasticquotatree.go:106.103,111.2 2 0
github.com/kube-queue/kube-queue/pkg/framework/apis/elasticquota/client/clientset/versioned/typed/scheduling/v1beta1/fake/fake_elasticquotatree.go:114.125,119.2 3 0
github.com/kube-queue/kube-queue/pkg/framework/apis/elasticquota/client/clientset/versioned/typed/scheduling/v1beta1/fake/fake_elasticquotatree.go:122.198,126.16 2 0
github.com/kube-queue/kube-queue/pkg/framework/apis/elasticquota/client/clientset/versioned/typed/scheduling/v1beta1/fake/fake_elasticquotatree.go:126.16,128.3 1 0
github.com/kube-queue/kube-queue/pkg/framework/apis/elasticquota/client/clientset/versioned/typed/scheduling/v1beta1/fake/fake_elasticquotatree.go:129.2,129.45 1 0
github.com/kube-queue/kube-queue/pkg/framework/apis/elasticquota/client/clientset/versioned/typed/scheduling/v1beta1/fake/fake_scheduling_client.go:31.103,33.2 1 0
github.com/kube-queue/kube-queue/pkg/framework/apis/elasticquota/client/clientset/versioned/typed/scheduling/v1beta1/fake/fake_scheduling_client.go:37.61,40.2 2 0
github.com/kube-queue/kube-queue/pkg/framework/apis/elasticquota/client/clientset/versioned/typed/scheduling/v1alpha1/elasticquota.go:59.85,64.2 1 0
github.com/kube-queue/kube-queue/pkg/framework/apis/elasticquota/client/clientset/versioned/typed/scheduling/v1alpha1/elasticquota.go:67.129,77.2 3 0
github.com/kube-queue/kube-queue/pkg/framework/apis/elasticquota/client/clientset/versioned/typed/scheduling/v1alpha1/elasticquota.go:80.119,82.32 2 0
github.com/kube-queue/kube-queue/pkg/framework/apis/elasticquota/client/clientset/versioned/typed/scheduling/v1alpha1/elasticquota.go:82.32,84.3 1 0
github.com/kube-queue/kube-queue/pkg/framework/apis/elasticquota/client/clientset/versioned/typed/scheduling/v1alpha1/elasticquota.go:85.2,93.8 3 0
github.com/kube-queue/kube-queue/pkg/framework/apis/elasticquota/client/clientset/versioned/typed/scheduling/v1alpha1/elasticquota.go:97.98,99.32 2 0
github.com/kube-queue/kube-queue/pkg/framework/apis/elasticquota/client/clientset/versioned/typed/scheduling/v1alpha1/elasticquota.go:99.32,101.3 1 0
github.com/kube-queue/kube-queue/pkg/framework/apis/elasticquota/client/clientset/versioned/typed/scheduling/v1alpha1/elasticquota.go:102.2,108.13 2 0
github.com/kube-queue/kube-queue/pkg/framework/apis/elasticquota/client/clientset/versioned/typed/scheduling/v1alpha1/elasticquota.go:112.156,122.2 3 0
github.com/kube-queue/kube-queue/pkg/framework/apis/elasticquota/client/clientset/versioned/typed/scheduling/v1alpha1/elasticquota.go:125.156,136.2 3 0
github.com/kube-queue/kube-queue/pkg/framework/apis/elasticquota/client/clientset/versioned/typed/scheduling/v1alpha1/elasticquota.go:139.95,147.2 1 0
github.com/kube-queue/kube-queue/pkg/framework/apis/elasticquota/client/clientset/versioned/typed/scheduling/v1alpha1/elasticquota.go:150.117,152.36 2 0
github.com/kube-queue/kube-queue/pkg/framework/apis/elasticquota/client/clientset/versioned/typed/scheduling/v1alpha1/elasticquota.go:152.36,154.3 1 0
github.com/kube-queue/kube-queue/pkg/framework/apis/elasticquota/client/clientset/versioned/typed/scheduling/v1alpha1/elasticquota.go:155.2,162.10 1 0
github.com/kube-queue/kube-queue/pkg/framework/apis/elasticquota/client/clientset/versioned/typed/scheduling/v1alpha1/elasticquota.go:166.187,178.2 3 0
github.com/kube-queue/kube-queue/pkg/framework/apis/elasticquota/client/clientset/versioned/typed/scheduling/v1alpha1/podgroup.go:60.77,65.2 1 0
github.com/kube-queue/kube-queue/pkg/framework/apis/elasticquota/client/clientset/versioned/typed/scheduling/v1alpha1/podgroup.go:68.121,78.2 3 0
github.com/kube-queue/kube-queue/pkg/framework/apis/elasticquota/client/clientset/versioned/typed/scheduling/v1alpha1/podgroup.go:81.111,83.32 2 0
github.com/kube-queue/kube-queue/pkg/framework/apis/elasticquota/client/clientset/versioned/typed/scheduling/v1alpha1/podgroup.go:83.32,85.3 1 0
github.com/kube-queue/kube-queue/pkg/framework/apis/elasticquota/client/clientset/versioned/typed/scheduling/v1alpha1/podgroup.go:86.2,94.8 3 0
github.com/kube-queue/kube-queue/pkg/framework/apis/elasticquota/client/clientset/versioned/typed/scheduling/v1alpha1/podgroup.go:98.94,100.32 2 0
github.com/kube-queue/kube-queue/pkg/framework/apis/elasticquota/client/clientset/versioned/typed/scheduling/v1alpha1/podgroup.go:100.32,102.3 1 0
github.com/kube-queue/kube-queue/pkg/framework/apis/elasticquota/client/clientset/versioned/typed/scheduling/v1alpha1/podgroup.go:103.2,109.13 2 0
github.com/kube-queue/kube-queue/pkg/framework/apis/elasticquota/client/clientset/versioned/typed/scheduling/v1alpha1/podgroup.go:113.140,123.2 3 0
github.com/kube-queue/kube-queue/pkg/framework/apis/elasticquota/client/clientset/versioned/typed/scheduling/v1alpha1/podgroup.go:126.140,137.2 3 0
github.com/kube-queue/kube-queue/pkg/framework/apis/elasticquota/client/clientset/versioned/typed/scheduling/v1alpha1/podgroup.go:141.146,153.2 3 0
github.com/kube-queue/kube-queue/pkg/framework/apis/elasticquota/client/clientset/versioned/typed/scheduling/v1alpha1/podgroup.go:156.91,164.2 1 0
github.com/kube-queue/kube-queue/pkg/framework/apis/elasticquota/client/clientset/versioned/typed/scheduling/v1alpha1/podgroup.go:167.113,169.36 2 0
github.com/kube-queue/kube-queue/pkg/framework/apis/elasticquota/client/clientset/versioned/typed/scheduling/v1alpha1/podgroup.go:169.36,171.3 1 0
github.com/kube-queue/kube-queue/pkg/framework/apis/elasticquota/client/clientset/versioned/typed/scheduling/v1alpha1/podgroup.go:172.2,179.10 1 0
github.com/kube-queue/kube-queue/pkg/framework/apis/elasticquota/client/clientset/versioned/typed/scheduling/v1alpha1/podgroup.go:183.179,195.2 3 0
github.com/kube-queue/kube-queue/pkg/framework/apis/elasticquota/client/clientset/versioned/typed/scheduling/v1alpha1/scheduling_client.go:38.90,40.2 1 0
github.com/kube-queue/kube-queue/pkg/framework/apis/elasticquota/client/clientset/versioned/typed/scheduling/v1alpha1/scheduling_client.go:42.82,44.2 1 0
github.com/kube-queue/kube-queue/pkg/framework/apis/elasticquota/client/clientset/versioned/typed/scheduling/v1alpha1/scheduling_client.go:47.70,49.51 2 0
github.com/kube-queue/kube-queue/pkg/framework/apis/elasticquota/client/clientset/versioned/typed/scheduling/v1alpha1/scheduling_client.go:49.51,51.3 1 0
github.com/kube-queue/kube-queue/pkg/framework/apis/elasticquota/client/clientset/versioned/typed/scheduling/v1alpha1/scheduling_client.go:52.2,53.16 2 0
github.com/kube-queue/kube-queue/pkg/framework/apis/elasticquota/client/clientset/versioned/typed/scheduling/v1alpha1/scheduling_client.go:53.16,55.3 1 0
github.com/kube-queue/kube-queue/pkg/framework/apis/elasticquota/client/clientset/versioned/typed/scheduling/v1alpha1/scheduling_client.go:56.2,56.47 1 0
github.com/kube-queue/kube-queue/pkg/framework/apis/elasticquota/client/clientset/versioned/typed/scheduling/v1alpha1/scheduling_client.go:61.66,63.16 2 0
github.com/kube-queue/kube-queue/pkg/framework/apis/elasticquota/client/clientset/versioned/typed/scheduling/v1alpha1/scheduling_client.go:63.16,64.13 1 0
github.com/kube-queue/kube-queue/pkg/framework/apis/elasticquota/client/clientset/versioned/typed/scheduling/v1alpha1/scheduling_client.go:66.2,66.15 1 0
github.com/kube-queue/kube-queue/pkg/framework/apis/elasticquota/client/clientset/versioned/typed/scheduling/v1alpha1/scheduling_client.go:70.54,72.2 1 0
github.com/kube-queue/kube-queue/pkg/framework/apis/elasticquota/client/clientset/versioned/typed/scheduling/v1alpha1/scheduling_client.go:74.51,80.28 5 0
github.com/kube-queue/kube-queue/pkg/framework/apis/elasticquota/client/clientset/versioned/typed/scheduling/v1alpha1/scheduling_client.go:80.28,82.3 1 0
github.com/kube-queue/kube-queue/pkg/framework/apis/elasticquota/client/clientset/versioned/typed/scheduling/v1alpha1/scheduling_client.go:84.2,84.12 1 0
github.com/kube-queue/kube-queue/pkg/framework/apis/elasticquota/client/clientset/versioned/typed/scheduling/v1alpha1/scheduling_client.go:89.64,90.14 1 0
github.com/kube-queue/kube-queue/pkg/framework/apis/elasticquota/client/clientset/versioned/typed/scheduling/v1alpha1/scheduling_client.go:90.14,92.3 1 0
github.com/kube-queue/kube-queue/pkg/framework/apis/elasticquota/client/clientset/versioned/typed/scheduling/v1alpha1/scheduling_client.go:93.2,93.21 1 0
github.com/kube-queue/kube-queue/pkg/framework/apis/elasticquota/client/clientset/versioned/typed/scheduling/v1beta1/elasticquotatree.go:59.92,64.2 1 0
github.com/kube-queue/kube-queue/pkg/framework/apis/elasticquota/client/clientset/versioned/typed/scheduling/v1beta1/elasticquotatree.go:67.136,77.2 3 0
github.com/kube-queue/kube-queue/pkg/framework/apis/elasticquota/client/clientset/versioned/typed/scheduling/v1beta1/elasticquotatree.go:80.126,82.32 2 0
github.com/kube-queue/kube-queue/pkg/framework/apis/elasticquota/client/clientset/versioned/typed/scheduling/v1beta1/elasticquotatree.go:82.32,84.3 1 0
github.com/kube-queue/kube-queue/pkg/framework/apis/elasticquota/client/clientset/versioned/typed/scheduling/v1beta1/elasticquotatree.go:85.2,93.8 3 0
github.com/kube-queue/kube-queue/pkg/framework/apis/elasticquota/client/clientset/versioned/typed/scheduling/v1beta1/elasticquotatree.go:97.102,99.32 2 0
github.com/kube-queue/kube-queue/pkg/framework/apis/elasticquota/client/clientset/versioned/typed/scheduling/v1beta1/elasticquotatree.go:99.32,101.3 1 0
github.com/kube-queue/kube-queue/pkg/framework/apis/elasticquota/client/clientset/versioned/typed/scheduling/v1beta1/elasticquotatree.go:102.2,108.13 2 0
github.com/kube-queue/kube-queue/pkg/framework/apis/elasticquota/client/clientset/versioned/typed/scheduling/v1beta1/elasticquotatree.go:112.170,122.2 3 0
github.com/kube-queue/kube-queue/pkg/framework/apis/elasticquota/client/clientset/versioned/typed/scheduling/v1beta1/elasticquotatree.go:125.170,136.2 3 0
github.com/kube-queue/kube-queue/pkg/framework/apis/elasticquota/client/clientset/versioned/typed/scheduling/v1beta1/elasticquotatree.go:139.99,147.2 1 0
github.com/kube-queue/kube-queue/pkg/framework/apis/elasticquota/client/clientset/versioned/typed/scheduling/v1beta1/elasticquotatree.go:150.121,152.36 2 0
github.com/kube-queue/kube-queue/pkg/framework/apis/elasticquota/client/clientset/versioned/typed/scheduling/v1beta1/elasticquotatree.go:152.36,154.3 1 0
github.com/kube-queue/kube-queue/pkg/framework/apis/elasticquota/client/clientset/versioned/typed/scheduling/v1beta1/elasticquotatree.go:155.2,162.10 1 0
github.com/kube-queue/kube-queue/pkg/framework/apis/elasticquota/client/clientset/versioned/typed/scheduling/v1beta1/elasticquotatree.go:166.194,178.2 3 0
github.com/kube-queue/kube-queue/pkg/framework/apis/elasticquota/client/clientset/versioned/typed/scheduling/v1beta1/scheduling_client.go:37.97,39.2 1 0
github.com/kube-queue/kube-queue/pkg/framework/apis/elasticquota/client/clientset/versioned/typed/scheduling/v1beta1/scheduling_client.go:42.69,44.51 2 0
github.com/kube-queue/kube-queue/pkg/framework/apis/elasticquota/client/clientset/versioned/typed/scheduling/v1beta1/scheduling_client.go:44.51,46.3 1 0
github.com/kube-queue/kube-queue/pkg/framework/apis/elasticquota/client/clientset/versioned/typed/scheduling/v1beta1/scheduling_client.go:47.2,48.16 2 0
github.com/kube-queue/kube-queue/pkg/framework/apis/elasticquota/client/clientset/versioned/typed/scheduling/v1beta1/scheduling_client.go:48.16,50.3 1 0
github.com/kube-queue/kube-queue/pkg/framework/apis/elasticquota/client/clientset/versioned/typed/scheduling/v1beta1/scheduling_client.go:51.2,51.46 1 0
github.com/kube-queue/kube-queue/pkg/framework/apis/elasticquota/client/clientset/versioned/typed/scheduling/v1beta1/scheduling_client.go:56.65,58.16 2 0
github.com/kube-queue/kube-queue/pkg/framework/apis/elasticquota/client/clientset/versioned/typed/scheduling/v1beta1/scheduling_client.go:58.16,59.13 1 0
github.com/kube-queue/kube-queue/pkg/framework/apis/elasticquota/client/clientset/versioned/typed/scheduling/v1beta1/scheduling_client.go:61.2,61.15 1 0
github.com/kube-queue/kube-queue/pkg/framework/apis/elasticquota/client/clientset/versioned/typed/scheduling/v1beta1/scheduling_client.go:65.53,67.2 1 0
github.com/kube-queue/kube-queue/pkg/framework/apis/elasticquota/client/clientset/versioned/typed/scheduling/v1beta1/scheduling_client.go:69.51,75.28 5 0
github.com/kube-queue/kube-queue/pkg/framework/apis/elasticquota/client/clientset/versioned/typed/scheduling/v1beta1/scheduling_client.go:75.28,77.3 1 0
github.com/kube-queue/kube-queue/pkg/framework/apis/elasticquota/client/clientset/versioned/typed/scheduling/v1beta1/scheduling_client.go:79.2,79.12 1 0
github.com/kube-queue/kube-queue/pkg/framework/apis/elasticquota/client/clientset/versioned/typed/scheduling/v1beta1/scheduling_client.go:84.63,85.14 1 0
github.com/kube-queue/kube-queue/pkg/framework/apis/elasticquota/client/clientset/versioned/typed/scheduling/v1beta1/scheduling_client.go:85.14,87.3 1 0
github.com/kube-queue/kube-queue/pkg/framework/apis/elasticquota/client/clientset/versioned/typed/scheduling/v1beta1/scheduling_client.go:88.2,88.21 1 0
github.com/kube-queue/kube-queue/pkg/framework/apis/elasticquota/client/clientset/versioned/clientset.go:46.86,48.2 1 0
github.com/kube-queue/kube-queue/pkg/framework/apis/elasticquota/client/clientset/versioned/clientset.go:51.89,53.2 1 0
github.com/kube-queue/kube-queue/pkg/framework/apis/elasticquota/client/clientset/versioned/clientset.go:56.62,57.14 1 0
github.com/kube-queue/kube-queue/pkg/framework/apis/elasticquota/client/clientset/versioned/clientset.go:57.14,59.3 1 0
github.com/kube-queue/kube-queue/pkg/framework/apis/elasticquota/client/clientset/versioned/clientset.go:60.2,60.26 1 0
github.com/kube-queue/kube-queue/pkg/framework/apis/elasticquota/client/clientset/versioned/clientset.go:66.55,68.71 2 0
github.com/kube-queue/kube-queue/pkg/framework/apis/elasticquota/client/clientset/versioned/clientset.go:68.71,69.35 1 0
github.com/kube-queue/kube-queue/pkg/framework/apis/elasticquota/client/clientset/versioned/clientset.go:69.35,71.4 1 0
github.com/kube-queue/kube-queue/pkg/framework/apis/elasticquota/client/clientset/versioned/clientset.go:72.3,72.120 1 0
github.com/kube-queue/kube-queue/pkg/framework/apis/elasticquota/client/clientset/versioned/clientset.go:74.2,77.16 4 0
github.com/kube-queue/kube-queue/pkg/framework/apis/elasticquota/client/clientset/versioned/clientset.go:77.16,79.3 1 0
github.com/kube-queue/kube-queue/pkg/framework/apis/elasticquota/client/clientset/versioned/clientset.go:80.2,81.16 2 0
github.com/kube-queue/kube-queue/pkg/framework/apis/elasticquota/client/clientset/versioned/clientset.go:81.16,83.3 1 0
github.com/kube-queue/kube-queue/pkg/framework/apis/elasticquota/client/clientset/versioned/clientset.go:85.2,86.16 2 0
github.com/kube-queue/kube-queue/pkg/framework/apis/elasticquota/client/clientset/versioned/clientset.go:86.16,88.3 1 0
github.com/kube-queue/kube-queue/pkg/framework/apis/elasticquota/client/clientset/versioned/clientset.go:89.2,89.17 1 0
github.com/kube-queue/kube-queue/pkg/framework/apis/elasticquota/client/clientset/versioned/clientset.go:94.51,101.2 5 0
github.com/kube-queue/kube-queue/pkg/framework/apis/elasticquota/client/clientset/versioned/clientset.go:104.39,111.2 5 0
github.com/kube-queue/kube-queue/pkg/framework/apis/elasticquota/client/clientset/versioned/typed/scheduling/v1alpha1/fake/fake_elasticquota.go:44.133,48.16 2 0
github.com/kube-queue/kube-queue/pkg/framework/apis/elasticquota/client/clientset/versioned/typed/scheduling/v1alpha1/fake/fake_elasticquota.go:48.16,50.3 1 0
github.com/kube-queue/kube-queue/pkg/framework/apis/elasticquota/client/clientset/versioned/typed/scheduling/v1alpha1/fake/fake_elasticquota.go:51.2,51.42 1 0
github.com/kube-queue/kube-queue/pkg/framework/apis/elasticquota/client/clientset/versioned/typed/scheduling/v1alpha1/fake/fake_elasticquota.go:55.123,59.16 2 0
github.com/kube-queue/kube-queue/pkg/framework/apis/elasticquota/client/clientset/versioned/typed/scheduling/v1alpha1/fake/fake_elasticquota.go:59.16,61.3 1 0
github.com/kube-queue/kube-queue/pkg/framework/apis/elasticquota/client/clientset/versioned/typed/scheduling/v1alpha1/fake/fake_elasticquota.go:63.2,64.18 2 0
github.com/kube-queue/kube-queue/pkg/framework/apis/elasticquota/client/clientset/versioned/typed/scheduling/v1alpha1/fake/fake_elasticquota.go:64.18,66.3 1 0
github.com/kube-queue/kube-queue/pkg/framework/apis/elasticquota/client/clientset/versioned/typed/scheduling/v1alpha1/fake/fake_elasticquota.go:67.2,68.62 2 0
github.com/kube-queue/kube-queue/pkg/framework/apis/elasticquota/client/clientset/versioned/typed/scheduling/v1alpha1/fake/fake_elasticquota.go:68.62,69.45 1 0
github.com/kube-queue/kube-queue/pkg/framework/apis/elasticquota/client/clientset/versioned/typed/scheduling/v1alpha1/fake/fake_elasticquota.go:69.45,71.4 1 0
github.com/kube-queue/kube-queue/pkg/framework/apis/elasticquota/client/clientset/versioned/typed/scheduling/v1alpha1/fake/fake_elasticquota.go:73.2,73.18 1 0
github.com/kube-queue/kube-queue/pkg/framework/apis/elasticquota/client/clientset/versioned/typed/scheduling/v1alpha1/fake/fake_elasticquota.go:77.102,81.2 1 0
github.com/kube-queue/kube-queue/pkg/framework/apis/elasticquota/client/clientset/versioned/typed/scheduling/v1alpha1/fake/fake_elasticquota.go:84.160,88.16 2 0
github.com/kube-queue/kube-queue/pkg/framework/apis/elasticquota/client/clientset/versioned/typed/scheduling/v1alpha1/fake/fake_elasticquota.go:88.16,90.3 1 0
github.com/kube-queue/kube-queue/pkg/framework/apis/elasticquota/client/clientset/versioned/typed/scheduling/v1alpha1/fake/fake_elasticquota.go:91.2,91.42 1 0
github.com/kube-queue/kube-queue/pkg/framework/apis/elasticquota/client/clientset/versioned/typed/scheduling/v1alpha1/fake/fake_elasticquota.go:95.160,99.16 2 0
github.com/kube-queue/kube-queue/pkg/framework/apis/elasticquota/client/clientset/versioned/typed/scheduling/v1alpha1/fake/fake_elasticquota.go:99.16,101.3 1 0
github.com/kube-queue/kube-queue/pkg/framework/apis/elasticquota/client/clientset/versioned/typed/scheduling/v1alpha1/fake/fake_elasticquota.go:102.2,102.42 1 0
github.com/kube-queue/kube-queue/pkg/framework/apis/elasticquota/client/clientset/versioned/typed/scheduling/v1alpha1/fake/fake_elasticquota.go:106.99,111.2 2 0
github.com/kube-queue/kube-queue/pkg/framework/apis/elasticquota/client/clientset/versioned/typed/scheduling/v1alpha1/fake/fake_elasticquota.go:114.121,119.2 3 0
github.com/kube-queue/kube-queue/pkg/framework/apis/elasticquota/client/clientset/versioned/typed/scheduling/v1alpha1/fake/fake_elasticquota.go:122.191,126.16 2 0
github.com/kube-queue/kube-queue/pkg/framework/apis/elasticquota/client/clientset/versioned/typed/scheduling/v1alpha1/fake/fake_elasticquota.go:126.16,128.3 1 0
github.com/kube-queue/kube-queue/pkg/framework/apis/elasticquota/client/clientset/versioned/typed/scheduling/v1alpha1/fake/fake_elasticquota.go:129.2,129.42 1 0
github.com/kube-queue/kube-queue/pkg/framework/apis/elasticquota/client/clientset/versioned/typed/scheduling/v1alpha1/fake/fake_podgroup.go:44.125,48.16 2 0
github.com/kube-queue/kube-queue/pkg/framework/apis/elasticquota/client/clientset/versioned/typed/scheduling/v1alpha1/fake/fake_podgroup.go:48.16,50.3 1 0
github.com/kube-queue/kube-queue/pkg/framework/apis/elasticquota/client/clientset/versioned/typed/scheduling/v1alpha1/fake/fake_podgroup.go:51.2,51.38 1 0
github.com/kube-queue/kube-queue/pkg/framework/apis/elasticquota/client/clientset/versioned/typed/scheduling/v1alpha1/fake/fake_podgroup.go:55.115,59.16 2 0
github.com/kube-queue/kube-queue/pkg/framework/apis/elasticquota/client/clientset/versioned/typed/scheduling/v1alpha1/fake/fake_podgroup.go:59.16,61.3 1 0
github.com/kube-queue/kube-queue/pkg/framework/apis/elasticquota/client/clientset/versioned/typed/scheduling/v1alpha1/fake/fake_podgroup.go:63.2,64.18 2 0
github.com/kube-queue/kube-queue/pkg/framework/apis/elasticquota/client/clientset/versioned/typed/scheduling/v1alpha1/fake/fake_podgroup.go:64.18,66.3 1 0
github.com/kube-queue/kube-queue/pkg/framework/apis/elasticquota/client/clientset/versioned/typed/scheduling/v1alpha1/fake/fake_podgroup.go:67.2,68.58 2 0
github.com/kube-queue/kube-queue/pkg/framework/apis/elasticquota/client/clientset/versioned/typed/scheduling/v1alpha1/fake/fake_podgroup.go:68.58,69.45 1 0
github.com/kube-queue/kube-queue/pkg/framework/apis/elasticquota/client/clientset/versioned/typed/scheduling/v1alpha1/fake/fake_podgroup.go:69.45,71.4 1 0
github.com/kube-queue/kube-queue/pkg/framework/apis/elasticquota/client/clientset/versioned/typed/scheduling/v1alpha1/fake/fake_podgroup.go:73.2,73.18 1 0
github.com/kube-queue/kube-queue/pkg/framework/apis/elasticquota/client/clientset/versioned/typed/scheduling/v1alpha1/fake/fake_podgroup.go:77.98,81.2 1 0
github.com/kube-queue/kube-queue/pkg/framework/apis/elasticquota/client/clientset/versioned/typed/scheduling/v1alpha1/fake/fake_podgroup.go:84.144,88.16 2 0
github.com/kube-queue/kube-queue/pkg/framework/apis/elasticquota/client/clientset/versioned/typed/scheduling/v1alpha1/fake/fake_podgroup.go:88.16,90.3 1 0
github.com/kube-queue/kube-queue/pkg/framework/apis/elasticquota/client/clientset/versioned/typed/scheduling/v1alpha1/fake/fake_podgroup.go:91.2,91.38 1 0
github.com/kube-queue/kube-queue/pkg/framework/apis/elasticquota/client/clientset/versioned/typed/scheduling/v1alpha1/fake/fake_podgroup.go:95.144,99.16 2 0
github.com/kube-queue/kube-queue/pkg/framework/apis/elasticquota/client/clientset/versioned/typed/scheduling/v1alpha1/fake/fake_podgroup.go:99.16,101.3 1 0
github.com/kube-queue/kube-queue/pkg/framework/apis/elasticquota/client/clientset/versioned/typed/scheduling/v1alpha1/fake/fake_podgroup.go:102.2,102.38 1 0
github.com/kube-queue/kube-queue/pkg/framework/apis/elasticquota/client/clientset/versioned/typed/scheduling/v1alpha1/fake/fake_podgroup.go:107.139,111.16 2 0
github.com/kube-queue/kube-queue/pkg/framework/apis/elasticquota/client/clientset/versioned/typed/scheduling/v1alpha1/fake/fake_podgroup.go:111.16,113.3 1 0
github.com/kube-queue/kube-queue/pkg/framework/apis/elasticquota/client/clientset/versioned/typed/scheduling/v1alpha1/fake/fake_podgroup.go:114.2,114.38 1 0
github.com/kube-queue/kube-queue/pkg/framework/apis/elasticquota/client/clientset/versioned/typed/scheduling/v1alpha1/fake/fake_podgroup.go:118.95,123.2 2 0
github.com/kube-queue/kube-queue/pkg/framework/apis/elasticquota/client/clientset/versioned/typed/scheduling/v1alpha1/fake/fake_podgroup.go:126.117,131.2 3 0
github.com/kube-queue/kube-queue/pkg/framework/apis/elasticquota/client/clientset/versioned/typed/scheduling/v1alpha1/fake/fake_podgroup.go:134.183,138.16 2 0
github.com/kube-queue/kube-queue/pkg/framework/apis/elasticquota/client/clientset/versioned/typed/scheduling/v1alpha1/fake/fake_podgroup.go:138.16,140.3 1 0
github.com/kube-queue/kube-queue/pkg/framework/apis/elasticquota/client/clientset/versioned/typed/scheduling/v1alpha1/fake/fake_podgroup.go:141.2,141.38 1 0
github.com/kube-queue/kube-queue/pkg/framework/apis/elasticquota/client/clientset/versioned/typed/scheduling/v1alpha1/fake/fake_scheduling_client.go:31.97,33.2 1 0
github.com/kube-queue/kube-queue/pkg/framework/apis/elasticquota/client/clientset/versioned/typed/scheduling/v1alpha1/fake/fake_scheduling_client.go:35.89,37.2 1 0
github.com/kube-queue/kube-queue/pkg/framework/apis/elasticquota/client/clientset/versioned/typed/scheduling/v1alpha1/fake/fake_scheduling_client.go:41.62,44.2 2 0
github.com/kube-queue/kube-queue/pkg/framework/apis/elasticquota/client/clientset/versioned/scheme/register.go:55.13,58.2 2 0
github.com/kube-queue/kube-queue/pkg/framework/apis/elasticquota/client/informers/externalversions/factory.go:53.92,54.69 1 0
github.com/kube-queue/kube-queue/pkg/framework/apis/elasticquota/client/informers/externalversions/factory.go:54.69,55.34 1 0
github.com/kube-queue/kube-queue/pkg/framework/apis/elasticquota/client/informers/externalversions/factory.go:55.34,57.4 1 0
github.com/kube-queue/kube-queue/pkg/framework/apis/elasticquota/client/informers/externalversions/factory.go:58.3,58.17 1 0
github.com/kube-queue/kube-queue/pkg/framework/apis/elasticquota/client/informers/externalversions/factory.go:63.106,64.69 1 0
github.com/kube-queue/kube-queue/pkg/framework/apis/elasticquota/client/informers/externalversions/factory.go:64.69,67.3 2 0
github.com/kube-queue/kube-queue/pkg/framework/apis/elasticquota/client/informers/externalversions/factory.go:71.59,72.69 1 0
github.com/kube-queue/kube-queue/pkg/framework/apis/elasticquota/client/informers/externalversions/factory.go:72.69,75.3 2 0
github.com/kube-queue/kube-queue/pkg/framework/apis/elasticquota/client/informers/externalversions/factory.go:79.110,81.2 1 0
github.com/kube-queue/kube-queue/pkg/framework/apis/elasticquota/client/informers/externalversions/factory.go:87.194,89.2 1 0
github.com/kube-queue/kube-queue/pkg/framework/apis/elasticquota/client/informers/externalversions/factory.go:92.154,103.30 2 0
github.com/kube-queue/kube-queue/pkg/framework/apis/elasticquota/client/informers/externalversions/factory.go:103.30,105.3 1 0
github.com/kube-queue/kube-queue/pkg/framework/apis/elasticquota/client/informers/externalversions/factory.go:107.2,107.16 1 0
github.com/kube-queue/kube-queue/pkg/framework/apis/elasticquota/client/informers/externalversions/factory.go:111.63,115.50 3 0
github.com/kube-queue/kube-queue/pkg/framework/apis/elasticquota/client/informers/externalversions/factory.go:115.50,116.40 1 0
github.com/kube-queue/kube-queue/pkg/framework/apis/elasticquota/client/informers/externalversions/factory.go:116.40,119.4 2 0
github.com/kube-queue/kube-queue/pkg/framework/apis/elasticquota/client/informers/externalversions/factory.go:124.96,125.65 1 0
github.com/kube-queue/kube-queue/pkg/framework/apis/elasticquota/client/informers/externalversions/factory.go:125.65,130.51 4 0
github.com/kube-queue/kube-queue/pkg/framework/apis/elasticquota/client/informers/externalversions/factory.go:130.51,131.40 1 0
github.com/kube-queue/kube-queue/pkg/framework/apis/elasticquota/client/informers/externalversions/factory.go:131.40,133.5 1 0
github.com/kube-queue/kube-queue/pkg/framework/apis/elasticquota/client/informers/externalversions/factory.go:135.3,135.19 1 0
github.com/kube-queue/kube-queue/pkg/framework/apis/elasticquota/client/informers/externalversions/factory.go:138.2,139.46 2 0
github.com/kube-queue/kube-queue/pkg/framework/apis/elasticquota/client/informers/externalversions/factory.go:139.46,141.3 1 0
github.com/kube-queue/kube-queue/pkg/framework/apis/elasticquota/client/informers/externalversions/factory.go:142.2,142.12 1 0
github.com/kube-queue/kube-queue/pkg/framework/apis/elasticquota/client/informers/externalversions/factory.go:147.135,153.12 5 0
github.com/kube-queue/kube-queue/pkg/framework/apis/elasticquota/client/informers/externalversions/factory.go:153.12,155.3 1 0
github.com/kube-queue/kube-queue/pkg/framework/apis/elasticquota/client/informers/externalversions/factory.go:157.2,158.13 2 0
github.com/kube-queue/kube-queue/pkg/framework/apis/elasticquota/client/informers/externalversions/factory.go:158.13,160.3 1 0
github.com/kube-queue/kube-queue/pkg/framework/apis/elasticquota/client/informers/externalversions/factory.go:162.2,165.17 3 0
github.com/kube-queue/kube-queue/pkg/framework/apis/elasticquota/client/informers/externalversions/factory.go:178.67,180.2 1 0
github.com/kube-queue/kube-queue/pkg/framework/apis/elasticquota/client/informers/externalversions/generic.go:43.64,45.2 1 0
github.com/kube-queue/kube-queue/pkg/framework/apis/elasticquota/client/informers/externalversions/generic.go:48.56,50.2 1 0
github.com/kube-queue/kube-queue/pkg/framework/apis/elasticquota/client/informers/externalversions/generic.go:54.108,55.18 1 0
github.com/kube-queue/kube-queue/pkg/framework/apis/elasticquota/client/informers/externalversions/generic.go:57.65,58.131 1 0
github.com/kube-queue/kube-queue/pkg/framework/apis/elasticquota/client/informers/externalversions/generic.go:59.61,60.127 1 0
github.com/kube-queue/kube-queue/pkg/framework/apis/elasticquota/client/informers/externalversions/generic.go:63.68,64.134 1 0
github.com/kube-queue/kube-queue/pkg/framework/apis/elasticquota/client/informers/externalversions/generic.go:68.2,68.62 1 0
github.com/kube-queue/kube-queue/pkg/framework/apis/elasticquota/client/informers/externalversions/scheduling/interface.go:42.140,44.2 1 0
github.com/kube-queue/kube-queue/pkg/framework/apis/elasticquota/client/informers/externalversions/scheduling/interface.go:47.45,49.2 1 0
github.com/kube-queue/kube-queue/pkg/framework/apis/elasticquota/client/informers/externalversions/scheduling/interface.go:52.47,54.2 1 0
github.com/kube-queue/kube-queue/pkg/framework/apis/elasticquota/client/informers/externalversions/scheduling/v1alpha1/elasticquota.go:51.155,53.2 1 0
github.com/kube-queue/kube-queue/pkg/framework/apis/elasticquota/client/informers/externalversions/scheduling/v1alpha1/elasticquota.go:58.221,61.67 1 0
github.com/kube-queue/kube-queue/pkg/framework/apis/elasticquota/client/informers/externalversions/scheduling/v1alpha1/elasticquota.go:61.67,62.32 1 0
github.com/kube-queue/kube-queue/pkg/framework/apis/elasticquota/client/informers/externalversions/scheduling/v1alpha1/elasticquota.go:62.32,64.6 1 0
github.com/kube-queue/kube-queue/pkg/framework/apis/elasticquota/client/informers/externalversions/scheduling/v1alpha1/elasticquota.go:65.5,65.94 1 0
github.com/kube-queue/kube-queue/pkg/framework/apis/elasticquota/client/informers/externalversions/scheduling/v1alpha1/elasticquota.go:67.69,68.32 1 0
github.com/kube-queue/kube-queue/pkg/framework/apis/elasticquota/client/informers/externalversions/scheduling/v1alpha1/elasticquota.go:68.32,70.6 1 0
github.com/kube-queue/kube-queue/pkg/framework/apis/elasticquota/client/informers/externalversions/scheduling/v1alpha1/elasticquota.go:71.5,71.95 1 0
github.com/kube-queue/kube-queue/pkg/framework/apis/elasticquota/client/informers/externalversions/scheduling/v1alpha1/elasticquota.go:80.130,82.2 1 0
github.com/kube-queue/kube-queue/pkg/framework/apis/elasticquota/client/informers/externalversions/scheduling/v1alpha1/elasticquota.go:84.69,86.2 1 0
github.com/kube-queue/kube-queue/pkg/framework/apis/elasticquota/client/informers/externalversions/scheduling/v1alpha1/elasticquota.go:88.69,90.2 1 0
github.com/kube-queue/kube-queue/pkg/framework/apis/elasticquota/client/informers/externalversions/scheduling/v1alpha1/interface.go:40.140,42.2 1 0
github.com/kube-queue/kube-queue/pkg/framework/apis/elasticquota/client/informers/externalversions/scheduling/v1alpha1/interface.go:45.56,47.2 1 0
github.com/kube-queue/kube-queue/pkg/framework/apis/elasticquota/client/informers/externalversions/scheduling/v1alpha1/interface.go:50.48,52.2 1 0
github.com/kube-queue/kube-queue/pkg/framework/apis/elasticquota/client/informers/externalversions/scheduling/v1alpha1/podgroup.go:51.151,53.2 1 0
github.com/kube-queue/kube-queue/pkg/framework/apis/elasticquota/client/informers/externalversions/scheduling/v1alpha1/podgroup.go:58.217,61.67 1 0
github.com/kube-queue/kube-queue/pkg/framework/apis/elasticquota/client/informers/externalversions/scheduling/v1alpha1/podgroup.go:61.67,62.32 1 0
github.com/kube-queue/kube-queue/pkg/framework/apis/elasticquota/client/informers/externalversions/scheduling/v1alpha1/podgroup.go:62.32,64.6 1 0
github.com/kube-queue/kube-queue/pkg/framework/apis/elasticquota/client/informers/externalversions/scheduling/v1alpha1/podgroup.go:65.5,65.90 1 0
github.com/kube-queue/kube-queue/pkg/framework/apis/elasticquota/client/informers/externalversions/scheduling/v1alpha1/podgroup.go:67.69,68.32 1 0
github.com/kube-queue/kube-queue/pkg/framework/apis/elasticquota/client/informers/externalversions/scheduling/v1alpha1/podgroup.go:68.32,70.6 1 0
github.com/kube-queue/kube-queue/pkg/framework/apis/elasticquota/client/informers/externalversions/scheduling/v1alpha1/podgroup.go:71.5,71.91 1 0
github.com/kube-queue/kube-queue/pkg/framework/apis/elasticquota/client/informers/externalversions/scheduling/v1alpha1/podgroup.go:80.126,82.2 1 0
github.com/kube-queue/kube-queue/pkg/framework/apis/elasticquota/client/informers/externalversions/scheduling/v1alpha1/podgroup.go:84.65,86.2 1 0
github.com/kube-queue/kube-queue/pkg/framework/apis/elasticquota/client/informers/externalversions/scheduling/v1alpha1/podgroup.go:88.61,90.2 1 0
github.com/kube-queue/kube-queue/pkg/framework/apis/elasticquota/client/listers/scheduling/v1alpha1/elasticquota.go:45.70,47.2 1 0
github.com/kube-queue/kube-queue/pkg/framework/apis/elasticquota/client/listers/scheduling/v1alpha1/elasticquota.go:50.103,51.63 1 0
github.com/kube-queue/kube-queue/pkg/framework/apis/elasticquota/client/listers/scheduling/v1alpha1/elasticquota.go:51.63,53.3 1 0
github.com/kube-queue/kube-queue/pkg/framework/apis/elasticquota/client/listers/scheduling/v1alpha1/elasticquota.go:54.2,54.17 1 0
github.com/kube-queue/kube-queue/pkg/framework/apis/elasticquota/client/listers/scheduling/v1alpha1/elasticquota.go:58.90,60.2 1 0
github.com/kube-queue/kube-queue/pkg/framework/apis/elasticquota/client/listers/scheduling/v1alpha1/elasticquota.go:82.111,83.87 1 0
github.com/kube-queue/kube-queue/pkg/framework/apis/elasticquota/client/listers/scheduling/v1alpha1/elasticquota.go:83.87,85.3 1 0
github.com/kube-queue/kube-queue/pkg/framework/apis/elasticquota/client/listers/scheduling/v1alpha1/elasticquota.go:86.2,86.17 1 0
github.com/kube-queue/kube-queue/pkg/framework/apis/elasticquota/client/listers/scheduling/v1alpha1/elasticquota.go:90.87,92.16 2 0
github.com/kube-queue/kube-queue/pkg/framework/apis/elasticquota/client/listers/scheduling/v1alpha1/elasticquota.go:92.16,94.3 1 0
github.com/kube-queue/kube-queue/pkg/framework/apis/elasticquota/client/listers/scheduling/v1alpha1/elasticquota.go:95.2,95.13 1 0
github.com/kube-queue/kube-queue/pkg/framework/apis/elasticquota/client/listers/scheduling/v1alpha1/elasticquota.go:95.13,97.3 1 0
github.com/kube-queue/kube-queue/pkg/framework/apis/elasticquota/client/listers/scheduling/v1alpha1/elasticquota.go:98.2,98.42 1 0
github.com/kube-queue/kube-queue/pkg/framework/apis/elasticquota/client/listers/scheduling/v1alpha1/podgroup.go:45.62,47.2 1 0
github.com/kube-queue/kube-queue/pkg/framework/apis/elasticquota/client/listers/scheduling/v1alpha1/podgroup.go:50.95,51.63 1 0
github.com/kube-queue/kube-queue/pkg/framework/apis/elasticquota/client/listers/scheduling/v1alpha1/podgroup.go:51.63,53.3 1 0
github.com/kube-queue/kube-queue/pkg/framework/apis/elasticquota/client/listers/scheduling/v1alpha1/podgroup.go:54.2,54.17 1 0
github.com/kube-queue/kube-queue/pkg/framework/apis/elasticquota/client/listers/scheduling/v1alpha1/podgroup.go:58.78,60.2 1 0
github.com/kube-queue/kube-queue/pkg/framework/apis/elasticquota/client/listers/scheduling/v1alpha1/podgroup.go:82.103,83.87 1 0
github.com/kube-queue/kube-queue/pkg/framework/apis/elasticquota/client/listers/scheduling/v1alpha1/podgroup.go:83.87,85.3 1 0
github.com/kube-queue/kube-queue/pkg/framework/apis/elasticquota/client/listers/scheduling/v1alpha1/podgroup.go:86.2,86.17 1 0
github.com/kube-queue/kube-queue/pkg/framework/apis/elasticquota/client/listers/scheduling/v1alpha1/podgroup.go:90.79,92.16 2 0
github.com/kube-queue/kube-queue/pkg/framework/apis/elasticquota/client/listers/scheduling/v1alpha1/podgroup.go:92.16,94.3 1 0
github.com/kube-queue/kube-queue/pkg/framework/apis/elasticquota/client/listers/scheduling/v1alpha1/podgroup.go:95.2,95.13 1 0
github.com/kube-queue/kube-queue/pkg/framework/apis/elasticquota/client/listers/scheduling/v1alpha1/podgroup.go:95.13,97.3 1 0
github.com/kube-queue/kube-queue/pkg/framework/apis/elasticquota/client/listers/scheduling/v1alpha1/podgroup.go:98.2,98.38 1 0
github.com/kube-queue/kube-queue/pkg/framework/apis/elasticquota/client/listers/scheduling/v1beta1/elasticquotatree.go:45.78,47.2 1 0
github.com/kube-queue/kube-queue/pkg/framework/apis/elasticquota/client/listers/scheduling/v1beta1/elasticquotatree.go:50.110,51.63 1 0
github.com/kube-queue/kube-queue/pkg/framework/apis/elasticquota/client/listers/scheduling/v1beta1/elasticquotatree.go:51.63,53.3 1 0
github.com/kube-queue/kube-queue/pkg/framework/apis/elasticquota/client/listers/scheduling/v1beta1/elasticquotatree.go:54.2,54.17 1 0
github.com/kube-queue/kube-queue/pkg/framework/apis/elasticquota/client/listers/scheduling/v1beta1/elasticquotatree.go:58.102,60.2 1 0
github.com/kube-queue/kube-queue/pkg/framework/apis/elasticquota/client/listers/scheduling/v1beta1/elasticquotatree.go:82.118,83.87 1 0
github.com/kube-queue/kube-queue/pkg/framework/apis/elasticquota/client/listers/scheduling/v1beta1/elasticquotatree.go:83.87,85.3 1 0
github.com/kube-queue/kube-queue/pkg/framework/apis/elasticquota/client/listers/scheduling/v1beta1/elasticquotatree.go:86.2,86.17 1 0
github.com/kube-queue/kube-queue/pkg/framework/apis/elasticquota/client/listers/scheduling/v1beta1/elasticquotatree.go:90.94,92.16 2 0
github.com/kube-queue/kube-queue/pkg/framework/apis/elasticquota/client/listers/scheduling/v1beta1/elasticquotatree.go:92.16,94.3 1 0
github.com/kube-queue/kube-queue/pkg/framework/apis/elasticquota/client/listers/scheduling/v1beta1/elasticquotatree.go:95.2,95.13 1 0
github.com/kube-queue/kube-queue/pkg/framework/apis/elasticquota/client/listers/scheduling/v1beta1/elasticquotatree.go:95.13,97.3 1 0
github.com/kube-queue/kube-queue/pkg/framework/apis/elasticquota/client/listers/scheduling/v1beta1/elasticquotatree.go:98.2,98.45 1 0
github.com/kube-queue/kube-queue/pkg/framework/apis/elasticquota/client/informers/externalversions/scheduling/v1beta1/elasticquotatree.go:51.159,53.2 1 0
github.com/kube-queue/kube-queue/pkg/framework/apis/elasticquota/client/informers/externalversions/scheduling/v1beta1/elasticquotatree.go:58.225,61.67 1 0
github.com/kube-queue/kube-queue/pkg/framework/apis/elasticquota/client/informers/externalversions/scheduling/v1beta1/elasticquotatree.go:61.67,62.32 1 0
github.com/kube-queue/kube-queue/pkg/framework/apis/elasticquota/client/informers/externalversions/scheduling/v1beta1/elasticquotatree.go:62.32,64.6 1 0
github.com/kube-queue/kube-queue/pkg/framework/apis/elasticquota/client/informers/externalversions/scheduling/v1beta1/elasticquotatree.go:65.5,65.97 1 0
github.com/kube-queue/kube-queue/pkg/framework/apis/elasticquota/client/informers/externalversions/scheduling/v1beta1/elasticquotatree.go:67.69,68.32 1 0
github.com/kube-queue/kube-queue/pkg/framework/apis/elasticquota/client/informers/externalversions/scheduling/v1beta1/elasticquotatree.go:68.32,70.6 1 0
github.com/kube-queue/kube-queue/pkg/framework/apis/elasticquota/client/informers/externalversions/scheduling/v1beta1/elasticquotatree.go:71.5,71.98 1 0
github.com/kube-queue/kube-queue/pkg/framework/apis/elasticquota/client/informers/externalversions/scheduling/v1beta1/elasticquotatree.go:80.134,82.2 1 0
github.com/kube-queue/kube-queue/pkg/framework/apis/elasticquota/client/informers/externalversions/scheduling/v1beta1/elasticquotatree.go:84.73,86.2 1 0
github.com/kube-queue/kube-queue/pkg/framework/apis/elasticquota/client/informers/externalversions/scheduling/v1beta1/elasticquotatree.go:88.76,90.2 1 0
github.com/kube-queue/kube-queue/pkg/framework/apis/elasticquota/client/informers/externalversions/scheduling/v1beta1/interface.go:38.140,40.2 1 0
github.com/kube-queue/kube-queue/pkg/framework/apis/elasticquota/client/informers/externalversions/scheduling/v1beta1/interface.go:43.64,45.2 1 0
github.com/kube-queue/kube-queue/pkg/framework/apis/elasticquota/scheduling/scheme/scheme.go:26.13,28.2 1 0
github.com/kube-queue/kube-queue/pkg/framework/apis/elasticquota/scheduling/scheme/scheme.go:31.42,33.2 1 0
github.com/kube-queue/kube-queue/pkg/framework/plugins/defaultgroup/defaultgroup.go:24.38,26.2 1 0
github.com/kube-queue/kube-queue/pkg/framework/plugins/defaultgroup/defaultgroup.go:28.79,31.2 1 0
github.com/kube-queue/kube-queue/pkg/framework/plugins/defaultgroup/defaultgroup.go:33.71,35.2 1 0
github.com/kube-queue/kube-queue/pkg/framework/plugins/defaultgroup/defaultgroup.go:37.120,39.42 1 0
github.com/kube-queue/kube-queue/pkg/framework/plugins/defaultgroup/defaultgroup.go:39.42,41.27 2 0
github.com/kube-queue/kube-queue/pkg/framework/plugins/defaultgroup/defaultgroup.go:42.25,43.10 1 0
github.com/kube-queue/kube-queue/pkg/framework/plugins/defaultgroup/defaultgroup.go:44.40,47.12 3 0
github.com/kube-queue/kube-queue/pkg/framework/plugins/defaultgroup/defaultgroup.go:47.12,49.6 1 0
github.com/kube-queue/kube-queue/pkg/framework/plugins/defaultgroup/defaultgroup.go:50.12,51.17 1 0
github.com/kube-queue/kube-queue/pkg/framework/plugins/defaultgroup/defaultgroup.go:53.4,53.61 1 0
github.com/kube-queue/kube-queue/pkg/framework/plugins/defaultgroup/defaultgroup.go:56.38,57.109 1 0
github.com/kube-queue/kube-queue/pkg/framework/plugins/defaultgroup/defaultgroup.go:57.109,58.71 1 0
github.com/kube-queue/kube-queue/pkg/framework/plugins/defaultgroup/defaultgroup.go:65.87,67.16 2 0
github.com/kube-queue/kube-queue/pkg/framework/plugins/defaultgroup/defaultgroup.go:67.16,68.68 1 0
github.com/kube-queue/kube-queue/pkg/framework/apis/elasticquota/scheduling/v1beta1/register.go:30.41,32.2 1 0
github.com/kube-queue/kube-queue/pkg/framework/apis/elasticquota/scheduling/v1beta1/register.go:35.53,37.2 1 0
github.com/kube-queue/kube-queue/pkg/framework/apis/elasticquota/scheduling/v1beta1/register.go:47.50,54.2 3 0
github.com/kube-queue/kube-queue/pkg/framework/apis/elasticquota/scheduling/v1beta1/zz_generated.deepcopy.go:30.65,32.26 2 0
github.com/kube-queue/kube-queue/pkg/framework/apis/elasticquota/scheduling/v1beta1/zz_generated.deepcopy.go:32.26,36.3 3 0
github.com/kube-queue/kube-queue/pkg/framework/apis/elasticquota/scheduling/v1beta1/zz_generated.deepcopy.go:37.2,37.24 1 0
github.com/kube-queue/kube-queue/pkg/framework/apis/elasticquota/scheduling/v1beta1/zz_generated.deepcopy.go:37.24,40.22 3 0
github.com/kube-queue/kube-queue/pkg/framework/apis/elasticquota/scheduling/v1beta1/zz_generated.deepcopy.go:40.22,42.4 1 0
github.com/kube-queue/kube-queue/pkg/framework/apis/elasticquota/scheduling/v1beta1/zz_generated.deepcopy.go:44.2,44.19 1 0
github.com/kube-queue/kube-queue/pkg/framework/apis/elasticquota/scheduling/v1beta1/zz_generated.deepcopy.go:44.19,47.29 3 0
github.com/kube-queue/kube-queue/pkg/framework/apis/elasticquota/scheduling/v1beta1/zz_generated.deepcopy.go:47.29,49.4 1 0
github.com/kube-queue/kube-queue/pkg/framework/apis/elasticquota/scheduling/v1beta1/zz_generated.deepcopy.go:51.2,51.19 1 0
github.com/kube-queue/kube-queue/pkg/framework/apis/elasticquota/scheduling/v1beta1/zz_generated.deepcopy.go:51.19,54.29 3 0
github.com/kube-queue/kube-queue/pkg/framework/apis/elasticquota/scheduling/v1beta1/zz_generated.deepcopy.go:54.29,56.4 1 0
github.com/kube-queue/kube-queue/pkg/framework/apis/elasticquota/scheduling/v1beta1/zz_generated.deepcopy.go:58.2,58.8 1 0
github.com/kube-queue/kube-queue/pkg/framework/apis/elasticquota/scheduling/v1beta1/zz_generated.deepcopy.go:62.58,63.15 1 0
github.com/kube-queue/kube-queue/pkg/framework/apis/elasticquota/scheduling/v1beta1/zz_generated.deepcopy.go:63.15,65.3 1 0
github.com/kube-queue/kube-queue/pkg/framework/apis/elasticquota/scheduling/v1beta1/zz_generated.deepcopy.go:66.2,68.12 3 0
github.com/kube-queue/kube-queue/pkg/framework/apis/elasticquota/scheduling/v1beta1/zz_generated.deepcopy.go:72.69,74.26 2 0
github.com/kube-queue/kube-queue/pkg/framework/apis/elasticquota/scheduling/v1beta1/zz_generated.deepcopy.go:74.26,78.3 3 0
github.com/kube-queue/kube-queue/pkg/framework/apis/elasticquota/scheduling/v1beta1/zz_generated.deepcopy.go:79.2,79.24 1 0
github.com/kube-queue/kube-queue/pkg/framework/apis/elasticquota/scheduling/v1beta1/zz_generated.deepcopy.go:79.24,82.22 3 0
github.com/kube-queue/kube-queue/pkg/framework/apis/elasticquota/scheduling/v1beta1/zz_generated.deepcopy.go:82.22,84.4 1 0
github.com/kube-queue/kube-queue/pkg/framework/apis/elasticquota/scheduling/v1beta1/zz_generated.deepcopy.go:86.2,86.20 1 0
github.com/kube-queue/kube-queue/pkg/framework/apis/elasticquota/scheduling/v1beta1/zz_generated.deepcopy.go:86.20,89.29 3 0
github.com/kube-queue/kube-queue/pkg/framework/apis/elasticquota/scheduling/v1beta1/zz_generated.deepcopy.go:89.29,91.4 1 0
github.com/kube-queue/kube-queue/pkg/framework/apis/elasticquota/scheduling/v1beta1/zz_generated.deepcopy.go:93.2,93.8 1 0
github.com/kube-queue/kube-queue/pkg/framework/apis/elasticquota/scheduling/v1beta1/zz_generated.deepcopy.go:97.62,98.15 1 0
github.com/kube-queue/kube-queue/pkg/framework/apis/elasticquota/scheduling/v1beta1/zz_generated.deepcopy.go:98.15,100.3 1 0
github.com/kube-queue/kube-queue/pkg/framework/apis/elasticquota/scheduling/v1beta1/zz_generated.deepcopy.go:101.2,103.12 3 0
github.com/kube-queue/kube-queue/pkg/framework/apis/elasticquota/scheduling/v1beta1/zz_generated.deepcopy.go:107.65,114.2 6 0
github.com/kube-queue/kube-queue/pkg/framework/apis/elasticquota/scheduling/v1beta1/zz_generated.deepcopy.go:117.58,118.15 1 0
github.com/kube-queue/kube-queue/pkg/framework/apis/elasticquota/scheduling/v1beta1/zz_generated.deepcopy.go:118.15,120.3 1 0
github.com/kube-queue/kube-queue/pkg/framework/apis/elasticquota/scheduling/v1beta1/zz_generated.deepcopy.go:121.2,123.12 3 0
github.com/kube-queue/kube-queue/pkg/framework/apis/elasticquota/scheduling/v1beta1/zz_generated.deepcopy.go:127.61,128.34 1 0
github.com/kube-queue/kube-queue/pkg/framework/apis/elasticquota/scheduling/v1beta1/zz_generated.deepcopy.go:128.34,130.3 1 0
github.com/kube-queue/kube-queue/pkg/framework/apis/elasticquota/scheduling/v1beta1/zz_generated.deepcopy.go:131.2,131.12 1 0
github.com/kube-queue/kube-queue/pkg/framework/apis/elasticquota/scheduling/v1beta1/zz_generated.deepcopy.go:135.73,139.21 4 0
github.com/kube-queue/kube-queue/pkg/framework/apis/elasticquota/scheduling/v1beta1/zz_generated.deepcopy.go:139.21,142.22 3 0
github.com/kube-queue/kube-queue/pkg/framework/apis/elasticquota/scheduling/v1beta1/zz_generated.deepcopy.go:142.22,144.4 1 0
github.com/kube-queue/kube-queue/pkg/framework/apis/elasticquota/scheduling/v1beta1/zz_generated.deepcopy.go:146.2,146.8 1 0
github.com/kube-queue/kube-queue/pkg/framework/apis/elasticquota/scheduling/v1beta1/zz_generated.deepcopy.go:150.66,151.15 1 0
github.com/kube-queue/kube-queue/pkg/framework/apis/elasticquota/scheduling/v1beta1/zz_generated.deepcopy.go:151.15,153.3 1 0
github.com/kube-queue/kube-queue/pkg/framework/apis/elasticquota/scheduling/v1beta1/zz_generated.deepcopy.go:154.2,156.12 3 0
github.com/kube-queue/kube-queue/pkg/framework/apis/elasticquota/scheduling/v1beta1/zz_generated.deepcopy.go:160.65,161.34 1 0
github.com/kube-queue/kube-queue/pkg/framework/apis/elasticquota/scheduling/v1beta1/zz_generated.deepcopy.go:161.34,163.3 1 0
github.com/kube-queue/kube-queue/pkg/framework/apis/elasticquota/scheduling/v1beta1/zz_generated.deepcopy.go:164.2,164.12 1 0
github.com/kube-queue/kube-queue/pkg/framework/apis/elasticquota/scheduling/v1beta1/zz_generated.deepcopy.go:168.73,172.2 3 0
github.com/kube-queue/kube-queue/pkg/framework/apis/elasticquota/scheduling/v1beta1/zz_generated.deepcopy.go:175.66,176.15 1 0
github.com/kube-queue/kube-queue/pkg/framework/apis/elasticquota/scheduling/v1beta1/zz_generated.deepcopy.go:176.15,178.3 1 0
github.com/kube-queue/kube-queue/pkg/framework/apis/elasticquota/scheduling/v1beta1/zz_generated.deepcopy.go:179.2,181.12 3 0
github.com/kube-queue/kube-queue/pkg/framework/apis/elasticquota/scheduling/v1beta1/zz_generated.deepcopy.go:185.77,189.2 3 0
github.com/kube-queue/kube-queue/pkg/framework/apis/elasticquota/scheduling/v1beta1/zz_generated.deepcopy.go:192.70,193.15 1 0
github.com/kube-queue/kube-queue/pkg/framework/apis/elasticquota/scheduling/v1beta1/zz_generated.deepcopy.go:193.15,195.3 1 0
github.com/kube-queue/kube-queue/pkg/framework/apis/elasticquota/scheduling/v1beta1/zz_generated.deepcopy.go:196.2,198.12 3 0
github.com/kube-queue/kube-queue/pkg/framework/plugins/registry.go:37.43,39.41 2 0
github.com/kube-queue/kube-queue/pkg/framework/plugins/registry.go:39.41,41.3 1 0
github.com/kube-queue/kube-queue/pkg/framework/plugins/registry.go:42.2,42.41 1 0
github.com/kube-queue/kube-queue/pkg/framework/plugins/registry.go:42.41,48.3 1 0
github.com/kube-queue/kube-queue/pkg/framework/plugins/registry.go:48.8,48.47 1 0
github.com/kube-queue/kube-queue/pkg/framework/plugins/registry.go:48.47,53.3 1 0
github.com/kube-queue/kube-queue/pkg/framework/plugins/registry.go:53.8,53.49 1 0
github.com/kube-queue/kube-queue/pkg/framework/plugins/registry.go:53.49,58.3 1 0
github.com/kube-queue/kube-queue/pkg/framework/plugins/registry.go:58.8,59.83 1 0
github.com/kube-queue/kube-queue/pkg/framework/plugins/registry.go:63.212,64.88 1 0
github.com/kube-queue/kube-queue/pkg/framework/plugins/registry.go:64.88,68.3 3 0
github.com/kube-queue/kube-queue/pkg/framework/plugins/registry.go:71.72,74.41 3 0
github.com/kube-queue/kube-queue/pkg/framework/plugins/registry.go:74.41,76.3 1 0
github.com/kube-queue/kube-queue/pkg/framework/plugins/registry.go:77.2,77.41 1 0
github.com/kube-queue/kube-queue/pkg/framework/plugins/registry.go:77.41,83.3 1 0
github.com/kube-queue/kube-queue/pkg/framework/plugins/registry.go:83.8,83.47 1 0
github.com/kube-queue/kube-queue/pkg/framework/plugins/registry.go:83.47,88.3 1 0
github.com/kube-queue/kube-queue/pkg/framework/plugins/registry.go:88.8,88.49 1 0
github.com/kube-queue/kube-queue/pkg/framework/plugins/registry.go:88.49,93.3 1 0
github.com/kube-queue/kube-queue/pkg/framework/plugins/registry.go:93.8,94.68 1 0
github.com/kube-queue/kube-queue/pkg/framework/apis/elasticquota/scheduling/v1alpha1/groupversion_info.go:38.53,40.2 1 0
github.com/kube-queue/kube-queue/pkg/framework/apis/elasticquota/scheduling/v1alpha1/groupversion_info.go:42.13,47.2 1 0
github.com/kube-queue/kube-queue/pkg/framework/apis/elasticquota/scheduling/v1alpha1/groupversion_info.go:50.50,60.2 3 0
github.com/kube-queue/kube-queue/pkg/framework/apis/elasticquota/scheduling/v1alpha1/zz_generated.deepcopy.go:30.57,36.2 5 0
github.com/kube-queue/kube-queue/pkg/framework/apis/elasticquota/scheduling/v1alpha1/zz_generated.deepcopy.go:39.50,40.15 1 0
github.com/kube-queue/kube-queue/pkg/framework/apis/elasticquota/scheduling/v1alpha1/zz_generated.deepcopy.go:40.15,42.3 1 0
github.com/kube-queue/kube-queue/pkg/framework/apis/elasticquota/scheduling/v1alpha1/zz_generated.deepcopy.go:43.2,45.12 3 0
github.com/kube-queue/kube-queue/pkg/framework/apis/elasticquota/scheduling/v1alpha1/zz_generated.deepcopy.go:49.57,50.34 1 0
github.com/kube-queue/kube-queue/pkg/framework/apis/elasticquota/scheduling/v1alpha1/zz_generated.deepcopy.go:50.34,52.3 1 0
github.com/kube-queue/kube-queue/pkg/framework/apis/elasticquota/scheduling/v1alpha1/zz_generated.deepcopy.go:53.2,53.12 1 0
github.com/kube-queue/kube-queue/pkg/framework/apis/elasticquota/scheduling/v1alpha1/zz_generated.deepcopy.go:57.65,61.21 4 0
github.com/kube-queue/kube-queue/pkg/framework/apis/elasticquota/scheduling/v1alpha1/zz_generated.deepcopy.go:61.21,64.22 3 0
github.com/kube-queue/kube-queue/pkg/framework/apis/elasticquota/scheduling/v1alpha1/zz_generated.deepcopy.go:64.22,66.4 1 0
github.com/kube-queue/kube-queue/pkg/framework/apis/elasticquota/scheduling/v1alpha1/zz_generated.deepcopy.go:71.58,72.15 1 0
github.com/kube-queue/kube-queue/pkg/framework/apis/elasticquota/scheduling/v1alpha1/zz_generated.deepcopy.go:72.15,74.3 1 0
github.com/kube-queue/kube-queue/pkg/framework/apis/elasticquota/scheduling/v1alpha1/zz_generated.deepcopy.go:75.2,77.12 3 0
github.com/kube-queue/kube-queue/pkg/framework/apis/elasticquota/scheduling/v1alpha1/zz_generated.deepcopy.go:81.61,82.34 1 0
github.com/kube-queue/kube-queue/pkg/framework/apis/elasticquota/scheduling/v1alpha1/zz_generated.deepcopy.go:82.34,84.3 1 0
github.com/kube-queue/kube-queue/pkg/framework/apis/elasticquota/scheduling/v1alpha1/zz_generated.deepcopy.go:85.2,85.12 1 0
github.com/kube-queue/kube-queue/pkg/framework/apis/elasticquota/scheduling/v1alpha1/zz_generated.deepcopy.go:89.65,91.19 2 0
github.com/kube-queue/kube-queue/pkg/framework/apis/elasticquota/scheduling/v1alpha1/zz_generated.deepcopy.go:91.19,94.29 3 0
github.com/kube-queue/kube-queue/pkg/framework/apis/elasticquota/scheduling/v1alpha1/zz_generated.deepcopy.go:94.29,96.4 1 0
github.com/kube-queue/kube-queue/pkg/framework/apis/elasticquota/scheduling/v1alpha1/zz_generated.deepcopy.go:98.2,98.19 1 0
github.com/kube-queue/kube-queue/pkg/framework/apis/elasticquota/scheduling/v1alpha1/zz_generated.deepcopy.go:98.19,101.29 3 0
github.com/kube-queue/kube-queue/pkg/framework/apis/elasticquota/scheduling/v1alpha1/zz_generated.deepcopy.go:101.29,103.4 1 0
github.com/kube-queue/kube-queue/pkg/framework/apis/elasticquota/scheduling/v1alpha1/zz_generated.deepcopy.go:108.58,109.15 1 0
github.com/kube-queue/kube-queue/pkg/framework/apis/elasticquota/scheduling/v1alpha1/zz_generated.deepcopy.go:109.15,111.3 1 0
github.com/kube-queue/kube-queue/pkg/framework/apis/elasticquota/scheduling/v1alpha1/zz_generated.deepcopy.go:112.2,114.12 3 0
github.com/kube-queue/kube-queue/pkg/framework/apis/elasticquota/scheduling/v1alpha1/zz_generated.deepcopy.go:118.69,120.20 2 0
[...]
github.com/kube-queue/kube-queue/pkg/visibility/apis/v1alpha1/zz_generated.deepcopy.go:217.2,217.12 1 0
github.com/kube-queue/kube-queue/pkg/visibility/apis/v1alpha1/zz_generated.deepcopy.go:221.67,225.21 4 0
github.com/kube-queue/kube-queue/pkg/visibility/apis/v1alpha1/zz_generated.deepcopy.go:225.21,228.22 3 0
github.com/kube-queue/kube-queue/pkg/visibility/apis/v1alpha1/zz_generated.deepcopy.go:228.22,230.4 1 0
github.com/kube-queue/kube-queue/pkg/visibility/apis/v1alpha1/zz_generated.deepcopy.go:232.2,232.8 1 0
github.com/kube-queue/kube-queue/pkg/visibility/apis/v1alpha1/zz_generated.deepcopy.go:236.60,237.15 1 0
github.com/kube-queue/kube-queue/pkg/visibility/apis/v1alpha1/zz_generated.deepcopy.go:237.15,239.3 1 0
github.com/kube-queue/kube-queue/pkg/visibility/apis/v1alpha1/zz_generated.deepcopy.go:240.2,242.12 3 0
github.com/kube-queue/kube-queue/pkg/visibility/apis/v1alpha1/zz_generated.deepcopy.go:246.62,247.34 1 0
github.com/kube-queue/kube-queue/pkg/visibility/apis/v1alpha1/zz_generated.deepcopy.go:247.34,249.3 1 0
github.com/kube-queue/kube-queue/pkg/visibility/apis/v1alpha1/zz_generated.deepcopy.go:250.2,250.12 1 0
github.com/kube-queue/kube-queue/pkg/visibility/apis/v1alpha1/zz_generated.defaults.go:30.53,32.2 1 0
github.com/kube-queue/kube-queue/pkg/visibility/apis/openapi/zz_generated.openapi.go:29.94,93.2 1 0
github.com/kube-queue/kube-queue/pkg/visibility/apis/openapi/zz_generated.openapi.go:95.110,134.2 1 0
github.com/kube-queue/kube-queue/pkg/visibility/apis/openapi/zz_generated.openapi.go:136.114,182.2 1 0
github.com/kube-queue/kube-queue/pkg/visibility/apis/openapi/zz_generated.openapi.go:184.106,209.2 1 0
github.com/kube-queue/kube-queue/pkg/visibility/apis/openapi/zz_generated.openapi.go:211.103,250.2 1 0
github.com/kube-queue/kube-queue/pkg/visibility/apis/openapi/zz_generated.openapi.go:252.107,298.2 1 0
github.com/kube-queue/kube-queue/pkg/visibility/apis/openapi/zz_generated.openapi.go:300.107,373.2 1 0
github.com/kube-queue/kube-queue/pkg/visibility/apis/openapi/zz_generated.openapi.go:375.114,430.2 1 0
github.com/kube-queue/kube-queue/pkg/visibility/apis/openapi/zz_generated.openapi.go:432.115,479.2 1 0
github.com/kube-queue/kube-queue/pkg/visibility/apis/openapi/zz_generated.openapi.go:481.94,562.2 1 0
github.com/kube-queue/kube-queue/pkg/visibility/apis/openapi/zz_generated.openapi.go:564.98,611.2 1 0
github.com/kube-queue/kube-queue/pkg/visibility/apis/openapi/zz_generated.openapi.go:613.97,733.2 1 0
github.com/kube-queue/kube-queue/pkg/visibility/apis/openapi/zz_generated.openapi.go:735.101,790.2 1 0
github.com/kube-queue/kube-queue/pkg/visibility/apis/openapi/zz_generated.openapi.go:792.97,859.2 1 0
github.com/kube-queue/kube-queue/pkg/visibility/apis/openapi/zz_generated.openapi.go:861.98,923.2 1 0
github.com/kube-queue/kube-queue/pkg/visibility/apis/openapi/zz_generated.openapi.go:925.95,984.2 1 0
github.com/kube-queue/kube-queue/pkg/visibility/apis/openapi/zz_generated.openapi.go:986.99,1045.2 1 0
github.com/kube-queue/kube-queue/pkg/visibility/apis/openapi/zz_generated.openapi.go:1047.99,1121.2 1 0
github.com/kube-queue/kube-queue/pkg/visibility/apis/openapi/zz_generated.openapi.go:1123.94,1133.2 1 0
github.com/kube-queue/kube-queue/pkg/visibility/apis/openapi/zz_generated.openapi.go:1135.110,1183.2 1 0
github.com/kube-queue/kube-queue/pkg/visibility/apis/openapi/zz_generated.openapi.go:1185.94,1194.2 1 0
github.com/kube-queue/kube-queue/pkg/visibility/apis/openapi/zz_generated.openapi.go:1196.96,1228.2 1 0
github.com/kube-queue/kube-queue/pkg/visibility/apis/openapi/zz_generated.openapi.go:1230.95,1256.2 1 0
github.com/kube-queue/kube-queue/pkg/visibility/apis/openapi/zz_generated.openapi.go:1258.99,1284.2 1 0
github.com/kube-queue/kube-queue/pkg/visibility/apis/openapi/zz_generated.openapi.go:1286.98,1312.2 1 0
github.com/kube-queue/kube-queue/pkg/visibility/apis/openapi/zz_generated.openapi.go:1314.110,1342.2 1 0
github.com/kube-queue/kube-queue/pkg/visibility/apis/openapi/zz_generated.openapi.go:1344.102,1377.2 1 0
github.com/kube-queue/kube-queue/pkg/visibility/apis/openapi/zz_generated.openapi.go:1379.106,1412.2 1 0
github.com/kube-queue/kube-queue/pkg/visibility/apis/openapi/zz_generated.openapi.go:1414.99,1441.2 1 0
github.com/kube-queue/kube-queue/pkg/visibility/apis/openapi/zz_generated.openapi.go:1443.99,1496.2 1 0
github.com/kube-queue/kube-queue/pkg/visibility/apis/openapi/zz_generated.openapi.go:1498.110,1546.2 1 0
github.com/kube-queue/kube-queue/pkg/visibility/apis/openapi/zz_generated.openapi.go:1548.90,1596.2 1 0
github.com/kube-queue/kube-queue/pkg/visibility/apis/openapi/zz_generated.openapi.go:1598.94,1637.2 1 0
github.com/kube-queue/kube-queue/pkg/visibility/apis/openapi/zz_generated.openapi.go:1639.97,1734.2 1 0
github.com/kube-queue/kube-queue/pkg/visibility/apis/openapi/zz_generated.openapi.go:1736.104,1796.2 1 0
github.com/kube-queue/kube-queue/pkg/visibility/apis/openapi/zz_generated.openapi.go:1798.95,1808.2 1 0
github.com/kube-queue/kube-queue/pkg/visibility/apis/openapi/zz_generated.openapi.go:1810.96,1987.2 1 0
github.com/kube-queue/kube-queue/pkg/visibility/apis/openapi/zz_generated.openapi.go:1989.100,2052.2 1 0
github.com/kube-queue/kube-queue/pkg/visibility/apis/openapi/zz_generated.openapi.go:2054.107,2088.2 1 0
github.com/kube-queue/kube-queue/pkg/visibility/apis/openapi/zz_generated.openapi.go:2090.111,2139.2 1 0
github.com/kube-queue/kube-queue/pkg/visibility/apis/openapi/zz_generated.openapi.go:2141.91,2150.2 1 0
github.com/kube-queue/kube-queue/pkg/visibility/apis/openapi/zz_generated.openapi.go:2152.98,2218.2 1 0
github.com/kube-queue/kube-queue/pkg/visibility/apis/openapi/zz_generated.openapi.go:2220.99,2245.2 1 0
github.com/kube-queue/kube-queue/pkg/visibility/apis/openapi/zz_generated.openapi.go:2247.95,2279.2 1 0
github.com/kube-queue/kube-queue/pkg/visibility/apis/openapi/zz_generated.openapi.go:2281.111,2309.2 1 0
github.com/kube-queue/kube-queue/pkg/visibility/apis/openapi/zz_generated.openapi.go:2311.92,2384.2 1 0
github.com/kube-queue/kube-queue/pkg/visibility/apis/openapi/zz_generated.openapi.go:2386.97,2418.2 1 0
github.com/kube-queue/kube-queue/pkg/visibility/apis/openapi/zz_generated.openapi.go:2420.99,2487.2 1 0
github.com/kube-queue/kube-queue/pkg/visibility/apis/openapi/zz_generated.openapi.go:2489.91,2562.2 1 0
github.com/kube-queue/kube-queue/pkg/visibility/apis/openapi/zz_generated.openapi.go:2564.107,2616.2 1 0
github.com/kube-queue/kube-queue/pkg/visibility/apis/openapi/zz_generated.openapi.go:2618.98,2650.2 1 0
github.com/kube-queue/kube-queue/pkg/visibility/apis/openapi/zz_generated.openapi.go:2652.94,2710.2 1 0
github.com/kube-queue/kube-queue/pkg/visibility/apis/openapi/zz_generated.openapi.go:2712.103,2754.2 1 0
github.com/kube-queue/kube-queue/pkg/visibility/apis/openapi/zz_generated.openapi.go:2756.90,2766.2 1 0
github.com/kube-queue/kube-queue/pkg/visibility/apis/openapi/zz_generated.openapi.go:2768.95,2796.2 1 0
github.com/kube-queue/kube-queue/pkg/visibility/apis/openapi/zz_generated.openapi.go:2798.94,2823.2 1 0
github.com/kube-queue/kube-queue/pkg/visibility/apis/openapi/zz_generated.openapi.go:2825.99,2884.2 1 0
github.com/kube-queue/kube-queue/pkg/visibility/apis/openapi/zz_generated.openapi.go:2886.96,2913.2 1 0
github.com/kube-queue/kube-queue/pkg/visibility/apis/openapi/zz_generated.openapi.go:2915.112,2924.2 1 0
github.com/kube-queue/kube-queue/pkg/visibility/apis/openapi/zz_generated.openapi.go:2926.108,2949.2 1 0
github.com/kube-queue/kube-queue/pkg/visibility/apis/openapi/zz_generated.openapi.go:2951.107,2991.2 1 0
github.com/kube-queue/kube-queue/pkg/visibility/apis/openapi/zz_generated.openapi.go:2993.104,3068.2 1 0
github.com/kube-queue/kube-queue/pkg/utils/gpu_transformer.go:25.33,26.11 1 1
github.com/kube-queue/kube-queue/pkg/utils/gpu_transformer.go:26.11,28.3 1 0
github.com/kube-queue/kube-queue/pkg/utils/gpu_transformer.go:29.2,29.10 1 1
github.com/kube-queue/kube-queue/pkg/utils/gpu_transformer.go:33.91,38.31 4 1
github.com/kube-queue/kube-queue/pkg/utils/gpu_transformer.go:38.31,40.22 2 1
github.com/kube-queue/kube-queue/pkg/utils/gpu_transformer.go:40.22,42.12 2 1
github.com/kube-queue/kube-queue/pkg/utils/gpu_transformer.go:45.3,47.40 3 1
github.com/kube-queue/kube-queue/pkg/utils/gpu_transformer.go:47.40,49.4 1 1
github.com/kube-queue/kube-queue/pkg/utils/gpu_transformer.go:50.3,50.44 1 1
github.com/kube-queue/kube-queue/pkg/utils/gpu_transformer.go:50.44,52.4 1 1
github.com/kube-queue/kube-queue/pkg/utils/gpu_transformer.go:53.3,53.52 1 1
github.com/kube-queue/kube-queue/pkg/utils/gpu_transformer.go:56.2,56.22 1 1
github.com/kube-queue/kube-queue/pkg/utils/gpu_transformer.go:56.22,58.3 1 1
github.com/kube-queue/kube-queue/pkg/utils/gpu_transformer.go:60.2,61.15 2 1
github.com/kube-queue/kube-queue/pkg/utils/resource.go:16.44,17.42 1 0
github.com/kube-queue/kube-queue/pkg/utils/resource.go:17.42,19.3 1 0
github.com/kube-queue/kube-queue/pkg/utils/resource.go:21.2,21.32 1 0
github.com/kube-queue/kube-queue/pkg/utils/resource.go:21.32,22.26 1 0
github.com/kube-queue/kube-queue/pkg/utils/resource.go:22.26,24.4 1 0
github.com/kube-queue/kube-queue/pkg/utils/resource.go:26.2,26.13 1 0
github.com/kube-queue/kube-queue/pkg/utils/resource.go:29.32,30.14 1 0
github.com/kube-queue/kube-queue/pkg/utils/resource.go:30.14,32.3 1 0
github.com/kube-queue/kube-queue/pkg/utils/resource.go:33.2,33.32 1 0
github.com/kube-queue/kube-queue/pkg/utils/resource.go:33.32,34.13 1 0
github.com/kube-queue/kube-queue/pkg/utils/resource.go:34.13,36.4 1 0
github.com/kube-queue/kube-queue/pkg/utils/resource.go:38.2,38.13 1 0
github.com/kube-queue/kube-queue/pkg/utils/resource.go:41.53,43.40 2 0
github.com/kube-queue/kube-queue/pkg/utils/resource.go:43.40,45.3 1 0
github.com/kube-queue/kube-queue/pkg/utils/resource.go:46.2,46.15 1 0
github.com/kube-queue/kube-queue/pkg/utils/resource.go:49.57,51.29 2 0
github.com/kube-queue/kube-queue/pkg/utils/resource.go:51.29,53.3 1 0
github.com/kube-queue/kube-queue/pkg/utils/resource.go:54.2,54.15 1 0
github.com/kube-queue/kube-queue/pkg/utils/resource.go:57.36,58.31 1 0
github.com/kube-queue/kube-queue/pkg/utils/resource.go:58.31,60.3 1 0
github.com/kube-queue/kube-queue/pkg/utils/resource.go:64.42,65.29 1 0
github.com/kube-queue/kube-queue/pkg/utils/resource.go:65.29,67.3 1 0
github.com/kube-queue/kube-queue/pkg/utils/resource.go:70.39,71.14 1 0
github.com/kube-queue/kube-queue/pkg/utils/resource.go:71.14,73.3 1 0
github.com/kube-queue/kube-queue/pkg/utils/resource.go:74.2,74.31 1 0
github.com/kube-queue/kube-queue/pkg/utils/resource.go:74.31,75.35 1 0
github.com/kube-queue/kube-queue/pkg/utils/resource.go:75.35,76.12 1 0
github.com/kube-queue/kube-queue/pkg/utils/resource.go:78.3,78.37 1 0
github.com/kube-queue/kube-queue/pkg/utils/resource.go:80.2,80.29 1 0
github.com/kube-queue/kube-queue/pkg/utils/resource.go:80.29,81.37 1 0
github.com/kube-queue/kube-queue/pkg/utils/resource.go:81.37,83.4 1 0
github.com/kube-queue/kube-queue/pkg/utils/resource.go:88.47,89.16 1 0
github.com/kube-queue/kube-queue/pkg/utils/resource.go:89.16,91.3 1 0
github.com/kube-queue/kube-queue/pkg/utils/resource.go:92.2,92.31 1 0
github.com/kube-queue/kube-queue/pkg/utils/resource.go:92.31,93.28 1 0
github.com/kube-queue/kube-queue/pkg/utils/resource.go:93.28,95.4 1 0
github.com/kube-queue/kube-queue/pkg/utils/resource.go:96.3,96.37 1 0
github.com/kube-queue/kube-queue/pkg/utils/resource.go:101.48,105.2 3 0
github.com/kube-queue/kube-queue/pkg/utils/resource.go:108.44,109.14 1 0
github.com/kube-queue/kube-queue/pkg/utils/resource.go:109.14,111.3 1 0
github.com/kube-queue/kube-queue/pkg/utils/resource.go:113.2,113.32 1 0
github.com/kube-queue/kube-queue/pkg/utils/resource.go:113.32,114.30 1 0
github.com/kube-queue/kube-queue/pkg/utils/resource.go:114.30,116.4 1 0
github.com/kube-queue/kube-queue/pkg/utils/resource.go:116.9,118.4 1 0
github.com/kube-queue/kube-queue/pkg/utils/resource.go:124.56,126.2 1 0
github.com/kube-queue/kube-queue/pkg/utils/resource.go:129.51,131.41 2 0
github.com/kube-queue/kube-queue/pkg/utils/resource.go:131.41,132.36 1 0
github.com/kube-queue/kube-queue/pkg/utils/resource.go:132.36,134.4 1 0
github.com/kube-queue/kube-queue/pkg/utils/resource.go:134.9,134.37 1 0
github.com/kube-queue/kube-queue/pkg/utils/resource.go:134.37,136.4 1 0
github.com/kube-queue/kube-queue/pkg/utils/resource.go:136.9,136.40 1 0
github.com/kube-queue/kube-queue/pkg/utils/resource.go:136.40,138.4 1 0
github.com/kube-queue/kube-queue/pkg/utils/resource.go:138.9,140.4 1 0
github.com/kube-queue/kube-queue/pkg/utils/resource.go:142.2,142.15 1 0
github.com/kube-queue/kube-queue/pkg/utils/resource.go:146.38,147.14 1 0
github.com/kube-queue/kube-queue/pkg/utils/resource.go:147.14,149.3 1 0
github.com/kube-queue/kube-queue/pkg/utils/resource.go:150.2,151.24 2 0
github.com/kube-queue/kube-queue/pkg/utils/resource.go:151.24,153.33 2 0
github.com/kube-queue/kube-queue/pkg/utils/resource.go:153.33,155.4 1 0
github.com/kube-queue/kube-queue/pkg/utils/resource.go:157.2,157.12 1 0
github.com/kube-queue/kube-queue/pkg/utils/resource.go:161.68,163.2 1 0
github.com/kube-queue/kube-queue/pkg/utils/resource.go:166.68,168.24 1 0
github.com/kube-queue/kube-queue/pkg/utils/resource.go:168.24,170.3 1 0
github.com/kube-queue/kube-queue/pkg/utils/resource.go:171.2,171.30 1 0
github.com/kube-queue/kube-queue/pkg/utils/resource.go:175.55,176.14 1 0
github.com/kube-queue/kube-queue/pkg/utils/resource.go:176.14,178.3 1 0
github.com/kube-queue/kube-queue/pkg/utils/resource.go:180.2,180.35 1 0
github.com/kube-queue/kube-queue/pkg/utils/resource.go:180.35,181.16 1 0
github.com/kube-queue/kube-queue/pkg/utils/resource.go:182.23,183.63 1 0
github.com/kube-queue/kube-queue/pkg/utils/resource.go:183.63,185.5 1 0
github.com/kube-queue/kube-queue/pkg/utils/resource.go:186.11,188.34 2 0
github.com/kube-queue/kube-queue/pkg/utils/resource.go:188.34,190.5 1 0
github.com/kube-queue/kube-queue/pkg/utils/resources.go:5.72,7.23 2 0
github.com/kube-queue/kube-queue/pkg/utils/resources.go:7.23,9.3 1 0
github.com/kube-queue/kube-queue/pkg/utils/resources.go:10.2,10.12 1 0
github.com/kube-queue/kube-queue/pkg/utils/util.go:23.67,24.25 1 0
github.com/kube-queue/kube-queue/pkg/utils/util.go:27.38,28.14 1 0
github.com/kube-queue/kube-queue/pkg/utils/util.go:29.10,30.15 1 0
github.com/kube-queue/kube-queue/pkg/utils/util.go:34.54,36.2 1 0
github.com/kube-queue/kube-queue/pkg/utils/util.go:38.61,40.2 1 0
github.com/kube-queue/kube-queue/pkg/utils/util.go:42.66,44.2 1 0
github.com/kube-queue/kube-queue/pkg/utils/util.go:48.56,52.33 3 0
github.com/kube-queue/kube-queue/pkg/utils/util.go:52.33,53.65 1 0
github.com/kube-queue/kube-queue/pkg/utils/util.go:53.65,55.4 1 0
github.com/kube-queue/kube-queue/pkg/utils/util.go:57.2,57.13 1 0
github.com/kube-queue/kube-queue/pkg/utils/util.go:63.55,64.79 1 0
github.com/kube-queue/kube-queue/pkg/utils/util.go:64.79,66.3 1 0
github.com/kube-queue/kube-queue/pkg/utils/util.go:68.2,68.30 1 0
github.com/kube-queue/kube-queue/pkg/utils/util.go:68.30,70.3 1 0
github.com/kube-queue/kube-queue/pkg/utils/util.go:72.2,72.14 1 0
github.com/kube-queue/kube-queue/pkg/utils/util.go:77.96,79.59 2 0
github.com/kube-queue/kube-queue/pkg/utils/util.go:79.59,85.3 2 0
github.com/kube-queue/kube-queue/pkg/utils/util.go:86.2,86.37 1 0
github.com/kube-queue/kube-queue/pkg/utils/util.go:86.37,91.3 1 0
github.com/kube-queue/kube-queue/pkg/utils/util.go:92.2,92.15 1 0
github.com/kube-queue/kube-queue/pkg/utils/util.go:95.107,98.51 2 0
github.com/kube-queue/kube-queue/pkg/utils/util.go:98.51,102.3 3 0
github.com/kube-queue/kube-queue/pkg/utils/util.go:103.2,103.25 1 0
github.com/kube-queue/kube-queue/pkg/utils/util.go:103.25,104.38 1 0
github.com/kube-queue/kube-queue/pkg/utils/util.go:104.38,105.20 1 0
github.com/kube-queue/kube-queue/pkg/utils/util.go:105.20,106.13 1 0
github.com/kube-queue/kube-queue/pkg/utils/util.go:108.4,112.9 5 0
github.com/kube-queue/kube-queue/pkg/utils/util.go:115.2,115.18 1 0
github.com/kube-queue/kube-queue/pkg/utils/util.go:118.103,121.65 2 0
github.com/kube-queue/kube-queue/pkg/utils/util.go:121.65,125.3 3 0
github.com/kube-queue/kube-queue/pkg/utils/util.go:126.2,126.25 1 0
github.com/kube-queue/kube-queue/pkg/utils/util.go:126.25,127.38 1 0
github.com/kube-queue/kube-queue/pkg/utils/util.go:127.38,128.26 1 0
github.com/kube-queue/kube-queue/pkg/utils/util.go:128.26,129.13 1 0
github.com/kube-queue/kube-queue/pkg/utils/util.go:131.4,135.9 5 0
github.com/kube-queue/kube-queue/pkg/utils/util.go:138.2,138.18 1 0
github.com/kube-queue/kube-queue/pkg/utils/util.go:141.34,142.23 1 0
github.com/kube-queue/kube-queue/pkg/utils/util.go:142.23,143.26 1 0
github.com/kube-queue/kube-queue/pkg/utils/util.go:143.26,145.12 2 0
github.com/kube-queue/kube-queue/pkg/utils/util.go:147.3,149.13 3 0
github.com/kube-queue/kube-queue/pkg/utils/util.go:153.58,155.22 2 0
github.com/kube-queue/kube-queue/pkg/utils/util.go:155.22,157.3 1 0
github.com/kube-queue/kube-queue/pkg/utils/util.go:158.2,158.8 1 0
github.com/kube-queue/kube-queue/pkg/utils/util.go:161.38,165.2 3 0
github.com/kube-queue/kube-queue/pkg/utils/util.go:167.38,174.2 1 0
github.com/kube-queue/kube-queue/pkg/utils/util.go:176.77,178.42 2 0
github.com/kube-queue/kube-queue/pkg/utils/util.go:178.42,183.3 1 0
github.com/kube-queue/kube-queue/pkg/utils/util.go:184.2,184.13 1 0
github.com/kube-queue/kube-queue/pkg/utils/util.go:187.60,189.2 1 0
github.com/kube-queue/kube-queue/pkg/utils/util.go:191.71,193.24 2 1
github.com/kube-queue/kube-queue/pkg/utils/util.go:193.24,195.3 1 1
github.com/kube-queue/kube-queue/pkg/utils/util.go:196.2,196.15 1 1
github.com/kube-queue/kube-queue/pkg/utils/util.go:199.85,200.22 1 1
github.com/kube-queue/kube-queue/pkg/utils/util.go:200.22,202.13 2 1
github.com/kube-queue/kube-queue/pkg/utils/util.go:202.13,204.12 2 1
github.com/kube-queue/kube-queue/pkg/utils/util.go:206.3,206.23 1 1
github.com/kube-queue/kube-queue/pkg/utils/util.go:211.124,216.24 3 0
github.com/kube-queue/kube-queue/pkg/utils/util.go:216.24,218.4 1 0
github.com/kube-queue/kube-queue/pkg/utils/util.go:219.16,222.18 2 0
github.com/kube-queue/kube-queue/pkg/utils/util.go:222.18,225.5 2 0
github.com/kube-queue/kube-queue/pkg/utils/util.go:227.4,229.28 3 0
github.com/kube-queue/kube-queue/pkg/utils/util.go:229.28,230.35 1 0
github.com/kube-queue/kube-queue/pkg/utils/util.go:230.35,231.39 1 0
github.com/kube-queue/kube-queue/pkg/utils/util.go:231.39,234.7 2 0
github.com/kube-queue/kube-queue/pkg/utils/util.go:237.4,237.41 1 0
github.com/kube-queue/kube-queue/pkg/utils/util.go:237.41,240.5 2 0
github.com/kube-queue/kube-queue/pkg/utils/util.go:242.4,242.22 1 0
github.com/kube-queue/kube-queue/pkg/utils/util.go:242.22,245.19 2 0
github.com/kube-queue/kube-queue/pkg/utils/util.go:245.19,248.6 2 0
github.com/kube-queue/kube-queue/pkg/utils/util.go:251.4,251.56 1 0
github.com/kube-queue/kube-queue/pkg/utils/util.go:251.56,255.19 3 0
github.com/kube-queue/kube-queue/pkg/utils/util.go:255.19,257.6 1 0
github.com/kube-queue/kube-queue/pkg/utils/util.go:257.11,259.6 1 0
github.com/kube-queue/kube-queue/pkg/utils/util.go:261.4,261.14 1 0
github.com/kube-queue/kube-queue/pkg/utils/util.go:264.2,264.23 1 0
github.com/kube-queue/kube-queue/pkg/utils/util.go:268.67,269.39 1 0
github.com/kube-queue/kube-queue/pkg/utils/util.go:269.39,271.3 1 0
github.com/kube-queue/kube-queue/pkg/utils/util.go:272.2,272.93 1 0
github.com/kube-queue/kube-queue/pkg/utils/util.go:272.93,274.3 1 0
github.com/kube-queue/kube-queue/pkg/utils/util.go:275.2,275.14 1 0
github.com/kube-queue/kube-queue/pkg/utils/util.go:278.86,280.24 2 0
github.com/kube-queue/kube-queue/pkg/utils/util.go:280.24,283.3 2 0
github.com/kube-queue/kube-queue/pkg/utils/util.go:285.2,285.51 1 0
github.com/kube-queue/kube-queue/pkg/utils/util.go:288.56,289.29 1 1
github.com/kube-queue/kube-queue/pkg/utils/util.go:289.29,291.3 1 1
github.com/kube-queue/kube-queue/pkg/utils/util.go:292.2,292.49 1 1
